{
  "stats": {
    "suites": 1,
    "tests": 9,
    "passes": 9,
    "pending": 0,
    "failures": 0,
    "start": "2022-04-01T09:55:36.164Z",
    "end": "2022-04-01T09:55:41.748Z",
    "duration": 5584,
    "testsRegistered": 9,
    "passPercent": 100,
    "pendingPercent": 0,
    "other": 0,
    "hasOther": false,
    "skipped": 0,
    "hasSkipped": false
  },
  "results": [
    {
      "uuid": "6f47daf9-4be2-4586-b5c4-f5dfc06a007f",
      "title": "",
      "fullFile": "cypress/integration/homepage.ts",
      "file": "cypress/integration/homepage.ts",
      "beforeHooks": [],
      "afterHooks": [],
      "tests": [],
      "suites": [
        {
          "uuid": "efa0c7d6-7420-4253-96bf-e8e4d3c2a5a4",
          "title": "HomePage Suite",
          "fullFile": "",
          "file": "",
          "beforeHooks": [],
          "afterHooks": [],
          "tests": [
            {
              "title": "Homepage test in en",
              "fullTitle": "HomePage Suite Homepage test in en",
              "timedOut": null,
              "duration": 355,
              "state": "passed",
              "speed": "fast",
              "pass": true,
              "fail": false,
              "pending": false,
              "context": null,
              "code": "homePage.navigate('/');\nhomePage.verifySelectorContain(this.bloghomepage.Language, '中文');\nhomePage.verifyButtonContain(this.bloghomepage.Language, 'zh-tw');\ncy.wrap(this.bloghomepage.pagesList_en).each((index) => {\n    let selectorName = 'this.bloghomepage.' + index;\n    homePage.verifySelectorContain(eval(selectorName), index.toString());\n    homePage.verifyButtonContain(eval(selectorName), index.toString().toLocaleLowerCase());\n});\ncy.wrap(this.bloghomepage.pageButtons).each((index) => {\n    let buttonName = 'this.bloghomepage.Button' + index;\n    let link = 'this.bloghomepage.Link' + index;\n    homePage.verifyButtonContain(eval(buttonName), eval(link));\n});",
              "err": {},
              "uuid": "3ac45427-d6cf-462c-a7b8-4273927a5131",
              "parentUUID": "efa0c7d6-7420-4253-96bf-e8e4d3c2a5a4",
              "isHook": false,
              "skipped": false
            },
            {
              "title": "Homepage test in zh-tw",
              "fullTitle": "HomePage Suite Homepage test in zh-tw",
              "timedOut": null,
              "duration": 230,
              "state": "passed",
              "speed": "fast",
              "pass": true,
              "fail": false,
              "pending": false,
              "context": null,
              "code": "homePage.navigate(this.bloghomepage.baseUrl_zhtw);\nlet indexCount = 0;\nhomePage.verifySelectorContain(this.bloghomepage.Language, 'English');\nhomePage.verifyButtonContain(this.bloghomepage.Language, 'localhost');\ncy.wrap(this.bloghomepage.pagesList_en).each((index) => {\n    let selectorName = 'this.bloghomepage.' + index;\n    homePage.verifySelectorContain(eval(selectorName), this.bloghomepage.pagesList_zhtw[indexCount]);\n    homePage.verifyButtonContain(eval(selectorName), index.toString().toLocaleLowerCase());\n    indexCount += 1;\n});\ncy.wrap(this.bloghomepage.pageButtons).each((index) => {\n    let buttonName = 'this.bloghomepage.Button' + index;\n    let link = 'this.bloghomepage.Link' + index;\n    homePage.verifyButtonContain(eval(buttonName), eval(link));\n});",
              "err": {},
              "uuid": "512cf548-ea19-4372-89eb-ef04b1cc1d25",
              "parentUUID": "efa0c7d6-7420-4253-96bf-e8e4d3c2a5a4",
              "isHook": false,
              "skipped": false
            },
            {
              "title": "Language change test en to zhtw",
              "fullTitle": "HomePage Suite Language change test en to zhtw",
              "timedOut": null,
              "duration": 183,
              "state": "passed",
              "speed": "fast",
              "pass": true,
              "fail": false,
              "pending": false,
              "context": null,
              "code": "homePage.navigate('/');\nhomePage.clickButton(this.bloghomepage.Language);\nhomePage.verifySelectorContain(this.bloghomepage.Language, 'English');",
              "err": {},
              "uuid": "d0d380ae-a49d-4165-9f3f-7ca94bba7ecd",
              "parentUUID": "efa0c7d6-7420-4253-96bf-e8e4d3c2a5a4",
              "isHook": false,
              "skipped": false
            },
            {
              "title": "Language change test zhtw to en",
              "fullTitle": "HomePage Suite Language change test zhtw to en",
              "timedOut": null,
              "duration": 178,
              "state": "passed",
              "speed": "fast",
              "pass": true,
              "fail": false,
              "pending": false,
              "context": null,
              "code": "homePage.navigate(this.bloghomepage.baseUrl_zhtw);\nhomePage.clickButton(this.bloghomepage.Language);\nhomePage.verifySelectorContain(this.bloghomepage.Language, '中文');",
              "err": {},
              "uuid": "82f10818-8d87-4340-8b6f-5c9d7b460a8c",
              "parentUUID": "efa0c7d6-7420-4253-96bf-e8e4d3c2a5a4",
              "isHook": false,
              "skipped": false
            },
            {
              "title": "Homepage redirect to Subpages testing use menu button in en",
              "fullTitle": "HomePage Suite Homepage redirect to Subpages testing use menu button in en",
              "timedOut": null,
              "duration": 1067,
              "state": "passed",
              "speed": "fast",
              "pass": true,
              "fail": false,
              "pending": false,
              "context": null,
              "code": "cy.wrap(this.bloghomepage.pagesList_en).each((index) => {\n    homePage.navigate('/');\n    let pageName = 'this.bloghomepage.' + index;\n    homePage.clickButton(eval(pageName));\n    homePage.verifySelectorContain('h1', index.toString());\n    cy.url().should('includes', index.toString().toLocaleLowerCase());\n});",
              "err": {},
              "uuid": "833089c2-232b-4885-be4c-33a5a86f3961",
              "parentUUID": "efa0c7d6-7420-4253-96bf-e8e4d3c2a5a4",
              "isHook": false,
              "skipped": false
            },
            {
              "title": "Homepage redirect to Subpages testing use menu button in zh-tw",
              "fullTitle": "HomePage Suite Homepage redirect to Subpages testing use menu button in zh-tw",
              "timedOut": null,
              "duration": 1203,
              "state": "passed",
              "speed": "fast",
              "pass": true,
              "fail": false,
              "pending": false,
              "context": null,
              "code": "let indexCount = 0;\ncy.wrap(this.bloghomepage.pagesList_en).each((index) => {\n    homePage.navigate(this.bloghomepage.baseUrl_zhtw);\n    let pageName = 'this.bloghomepage.' + index;\n    homePage.clickButton(eval(pageName));\n    if (index.toString() === 'Categories') {\n        let containValue = 'Categories';\n        cy.log(containValue);\n        homePage.verifySelectorContain('h1', containValue);\n        cy.url().should('includes', this.bloghomepage.baseUrl_zhtw + containValue.toLocaleLowerCase());\n        indexCount += 1;\n    }\n    else {\n        cy.log(this.bloghomepage.pagesList_zhtw[indexCount]);\n        homePage.verifySelectorContain('h1', this.bloghomepage.pagesList_zhtw[indexCount].toString());\n        cy.url().should('includes', this.bloghomepage.baseUrl_zhtw + this.bloghomepage.pagesList_en[indexCount].toString().toLocaleLowerCase());\n        indexCount += 1;\n    }\n});",
              "err": {},
              "uuid": "ebbbf267-a5e0-4689-8822-c6950e6caaa6",
              "parentUUID": "efa0c7d6-7420-4253-96bf-e8e4d3c2a5a4",
              "isHook": false,
              "skipped": false
            },
            {
              "title": "Subpages redirect to Homepage testing use Logo button in en",
              "fullTitle": "HomePage Suite Subpages redirect to Homepage testing use Logo button in en",
              "timedOut": null,
              "duration": 1055,
              "state": "passed",
              "speed": "fast",
              "pass": true,
              "fail": false,
              "pending": false,
              "context": null,
              "code": "cy.wrap(this.bloghomepage.pagesList_en).each((index) => {\n    homePage.navigate(this.bloghomepage.baseUrl_en + index.toString().toLocaleLowerCase() + '/');\n    homePage.clickButton(this.bloghomepage.LogoButton);\n    homePage.verifySelectorContain('h1', 'Andrew Wu');\n    cy.url().should('includes', this.bloghomepage.baseUrl_en);\n});",
              "err": {},
              "uuid": "e77cc2c6-0e87-447a-b951-0093d2f415bc",
              "parentUUID": "efa0c7d6-7420-4253-96bf-e8e4d3c2a5a4",
              "isHook": false,
              "skipped": false
            },
            {
              "title": "Subpages redirect to Homepage testing use Logo button in zh-tw",
              "fullTitle": "HomePage Suite Subpages redirect to Homepage testing use Logo button in zh-tw",
              "timedOut": null,
              "duration": 1075,
              "state": "passed",
              "speed": "fast",
              "pass": true,
              "fail": false,
              "pending": false,
              "context": null,
              "code": "cy.wrap(this.bloghomepage.pagesList_en).each((index) => {\n    homePage.navigate(this.bloghomepage.baseUrl_zhtw + index.toString().toLocaleLowerCase() + '/');\n    homePage.clickButton(this.bloghomepage.LogoButton);\n    homePage.verifySelectorContain('h1', 'Andrew Wu');\n    cy.url().should('includes', this.bloghomepage.baseUrl_zhtw);\n});",
              "err": {},
              "uuid": "4d6f81c6-5ebc-4c20-acbc-1a7c8c05eee6",
              "parentUUID": "efa0c7d6-7420-4253-96bf-e8e4d3c2a5a4",
              "isHook": false,
              "skipped": false
            },
            {
              "title": "RSS feed testing in en and zh-tw",
              "fullTitle": "HomePage Suite RSS feed testing in en and zh-tw",
              "timedOut": null,
              "duration": 55,
              "state": "passed",
              "speed": "fast",
              "pass": true,
              "fail": false,
              "pending": false,
              "context": null,
              "code": "cy.wrap(this.bloghomepage.bothUrl).each((index) => {\n    cy.request(index.toString())\n        .should((response) => {\n        expect(response.status).to.eq(200);\n        expect(response.body).have.contains(this.bloghomepage.baseUrl + index);\n    });\n});",
              "err": {},
              "uuid": "7550b7dd-f07e-4a8c-8dc3-711ebd27015d",
              "parentUUID": "efa0c7d6-7420-4253-96bf-e8e4d3c2a5a4",
              "isHook": false,
              "skipped": false
            }
          ],
          "suites": [],
          "passes": [
            "3ac45427-d6cf-462c-a7b8-4273927a5131",
            "512cf548-ea19-4372-89eb-ef04b1cc1d25",
            "d0d380ae-a49d-4165-9f3f-7ca94bba7ecd",
            "82f10818-8d87-4340-8b6f-5c9d7b460a8c",
            "833089c2-232b-4885-be4c-33a5a86f3961",
            "ebbbf267-a5e0-4689-8822-c6950e6caaa6",
            "e77cc2c6-0e87-447a-b951-0093d2f415bc",
            "4d6f81c6-5ebc-4c20-acbc-1a7c8c05eee6",
            "7550b7dd-f07e-4a8c-8dc3-711ebd27015d"
          ],
          "failures": [],
          "pending": [],
          "skipped": [],
          "duration": 5401,
          "root": false,
          "rootEmpty": false,
          "_timeout": 2000
        }
      ],
      "passes": [],
      "failures": [],
      "pending": [],
      "skipped": [],
      "duration": 0,
      "root": true,
      "rootEmpty": true,
      "_timeout": 2000
    }
  ],
  "meta": {
    "mocha": {
      "version": "7.0.1"
    },
    "mochawesome": {
      "options": {
        "quiet": false,
        "reportFilename": "mochawesome",
        "saveHtml": false,
        "saveJson": true,
        "consoleReporter": "spec",
        "useInlineDiffs": false,
        "code": true
      },
      "version": "7.1.2"
    },
    "marge": {
      "options": {
        "charts": true,
        "overwrite": false,
        "html": false,
        "json": true,
        "reportDir": "cypress/reports"
      },
      "version": "6.1.1"
    }
  }
}