{
  "stats": {
    "suites": 1,
    "tests": 22,
    "passes": 22,
    "pending": 0,
    "failures": 0,
    "start": "2022-04-01T09:55:19.354Z",
    "end": "2022-04-01T09:55:27.224Z",
    "duration": 7870,
    "testsRegistered": 22,
    "passPercent": 100,
    "pendingPercent": 0,
    "other": 0,
    "hasOther": false,
    "skipped": 0,
    "hasSkipped": false
  },
  "results": [
    {
      "uuid": "a0ff2ba2-c671-4cc3-a6d4-e6a582a580d8",
      "title": "",
      "fullFile": "cypress/integration/archivespage.ts",
      "file": "cypress/integration/archivespage.ts",
      "beforeHooks": [],
      "afterHooks": [],
      "tests": [],
      "suites": [
        {
          "uuid": "4eedfc95-387e-43ea-967c-aa48d8e15179",
          "title": "ArchivesPage Suite",
          "fullFile": "",
          "file": "",
          "beforeHooks": [],
          "afterHooks": [],
          "tests": [
            {
              "title": "Use Logo button to Homepage test in en",
              "fullTitle": "ArchivesPage Suite Use Logo button to Homepage test in en",
              "timedOut": null,
              "duration": 962,
              "state": "passed",
              "speed": "fast",
              "pass": true,
              "fail": false,
              "pending": false,
              "context": null,
              "code": "postsPage.navigate('/archives');\npostsPage.verifyUrl('/archives');\npostsPage.verifyButtonContain(this.blogpostspage.LogoButton, this.blogpostspage.baseUrl);\npostsPage.clickButton(this.blogpostspage.LogoButton);\npostsPage.verifyUrl(this.blogpostspage.baseUrl);",
              "err": {},
              "uuid": "877b47d0-0e84-496e-bcaf-f0536cc83d49",
              "parentUUID": "4eedfc95-387e-43ea-967c-aa48d8e15179",
              "isHook": false,
              "skipped": false
            },
            {
              "title": "Check headings in en",
              "fullTitle": "ArchivesPage Suite Check headings in en",
              "timedOut": null,
              "duration": 237,
              "state": "passed",
              "speed": "fast",
              "pass": true,
              "fail": false,
              "pending": false,
              "context": null,
              "code": "postsPage.navigate('/archives');\ncy.get('h1').should('contain.text', 'Archives');\ncy.get('h2').should('have.class', 'archive-year-header');\ncy.get('h3').should('have.class', 'archive-month-header');\ncy.get('h3').should('have.class', 'archive-entry-title');",
              "err": {},
              "uuid": "5883e253-f435-46f1-89bc-3aee76a08997",
              "parentUUID": "4eedfc95-387e-43ea-967c-aa48d8e15179",
              "isHook": false,
              "skipped": false
            },
            {
              "title": "Check class attributes in en",
              "fullTitle": "ArchivesPage Suite Check class attributes in en",
              "timedOut": null,
              "duration": 399,
              "state": "passed",
              "speed": "fast",
              "pass": true,
              "fail": false,
              "pending": false,
              "context": null,
              "code": "postsPage.navigate('/archives');\ncy.get('div').should('have.class', 'archive-year');\ncy.get('div').should('have.class', 'archive-month');\ncy.get('div').should('have.class', 'archive-posts');\ncy.get('div').should('have.class', 'archive-entry');\ncy.get('div').should('have.class', 'archive-meta');",
              "err": {},
              "uuid": "c77534fc-04b4-418a-b667-04a5491cee21",
              "parentUUID": "4eedfc95-387e-43ea-967c-aa48d8e15179",
              "isHook": false,
              "skipped": false
            },
            {
              "title": "Check a attributes in en",
              "fullTitle": "ArchivesPage Suite Check a attributes in en",
              "timedOut": null,
              "duration": 223,
              "state": "passed",
              "speed": "fast",
              "pass": true,
              "fail": false,
              "pending": false,
              "context": null,
              "code": "postsPage.navigate('/archives');\ncy.get('a').should('have.class', 'entry-link');\ncy.get('a').should('have.attr', 'href');\ncy.get('a')\n    .invoke('attr', 'href')\n    .should('not.have.string', '/zh-tw/');",
              "err": {},
              "uuid": "90b0df6a-1b69-4528-97ad-5dbf974f0884",
              "parentUUID": "4eedfc95-387e-43ea-967c-aa48d8e15179",
              "isHook": false,
              "skipped": false
            },
            {
              "title": "Check span attributes in en",
              "fullTitle": "ArchivesPage Suite Check span attributes in en",
              "timedOut": null,
              "duration": 114,
              "state": "passed",
              "speed": "fast",
              "pass": true,
              "fail": false,
              "pending": false,
              "context": null,
              "code": "postsPage.navigate('/archives');\ncy.get('#top > main > div > div:nth-child(2) > div > div > div > span')\n    .invoke('attr', 'title')\n    .should('match', /^((19|20)?[0-9]{2}[-](0?[1-9]|1[012])[-](0?[1-9]|[12][0-9]|3[01])[ ](0[012]|0[1-9]|1[0-9]|2[0-4])[:]([0-6][0-9])[:]([0-6][0-9])[ ][+]0{4}[ ]UTC)/);",
              "err": {},
              "uuid": "3654324b-d7a6-470c-864d-ea5da49bc5c2",
              "parentUUID": "4eedfc95-387e-43ea-967c-aa48d8e15179",
              "isHook": false,
              "skipped": false
            },
            {
              "title": "Check contains in en",
              "fullTitle": "ArchivesPage Suite Check contains in en",
              "timedOut": null,
              "duration": 115,
              "state": "passed",
              "speed": "fast",
              "pass": true,
              "fail": false,
              "pending": false,
              "context": null,
              "code": "postsPage.navigate('/archives');\ncy.contains(/^((January|February|March|April|May|June|July|August|September|October|November|December) (0?[1-9]|[12][0-9]|3[01]), (19|20)?[0-9]{2})/);",
              "err": {},
              "uuid": "fe0a573b-dc62-43ac-bf40-759d5abbf213",
              "parentUUID": "4eedfc95-387e-43ea-967c-aa48d8e15179",
              "isHook": false,
              "skipped": false
            },
            {
              "title": "Check yearly archive-count attributes in en",
              "fullTitle": "ArchivesPage Suite Check yearly archive-count attributes in en",
              "timedOut": null,
              "duration": 144,
              "state": "passed",
              "speed": "fast",
              "pass": true,
              "fail": false,
              "pending": false,
              "context": null,
              "code": "postsPage.navigate('/archives');\ncy.get('.archive-year-header > .archive-count').first().invoke('text').then(parseFloat).then(archiveCount => {\n    cy.log('Yearly archiveCount', archiveCount);\n    cy.get('.archive-year').first().find('a').its('length').should('eq', archiveCount);\n});",
              "err": {},
              "uuid": "f054b48a-6689-45b5-8755-9e0b14024653",
              "parentUUID": "4eedfc95-387e-43ea-967c-aa48d8e15179",
              "isHook": false,
              "skipped": false
            },
            {
              "title": "Check monthly archive-count attributes in en",
              "fullTitle": "ArchivesPage Suite Check monthly archive-count attributes in en",
              "timedOut": null,
              "duration": 119,
              "state": "passed",
              "speed": "fast",
              "pass": true,
              "fail": false,
              "pending": false,
              "context": null,
              "code": "postsPage.navigate('/archives');\ncy.get('.archive-month-header > .archive-count').first().invoke('text').then(parseFloat).then(archiveCount => {\n    cy.log('Monthly archiveCount', archiveCount);\n    cy.get('.archive-month').first().find('a').its('length').should('eq', archiveCount);\n});",
              "err": {},
              "uuid": "31af80fe-515d-4f27-8b64-59de07fbe7f1",
              "parentUUID": "4eedfc95-387e-43ea-967c-aa48d8e15179",
              "isHook": false,
              "skipped": false
            },
            {
              "title": "Check posts links in en",
              "fullTitle": "ArchivesPage Suite Check posts links in en",
              "timedOut": null,
              "duration": 444,
              "state": "passed",
              "speed": "fast",
              "pass": true,
              "fail": false,
              "pending": false,
              "context": null,
              "code": "postsPage.navigate('/archives');\ncy.get('a[class=\"entry-link\"]').first().invoke('attr', 'href').then(el => {\n    cy.log('First link url:', el);\n    cy.get('a[class=\"entry-link\"]').first().click();\n    cy.url().should('include', el);\n});",
              "err": {},
              "uuid": "ed19577e-9dff-4be0-beef-0619526e2dd7",
              "parentUUID": "4eedfc95-387e-43ea-967c-aa48d8e15179",
              "isHook": false,
              "skipped": false
            },
            {
              "title": "Check a post back from archives links in en",
              "fullTitle": "ArchivesPage Suite Check a post back from archives links in en",
              "timedOut": null,
              "duration": 629,
              "state": "passed",
              "speed": "fast",
              "pass": true,
              "fail": false,
              "pending": false,
              "context": null,
              "code": "postsPage.navigate('/archives');\ncy.get('a[class=\"entry-link\"]').first().invoke('attr', 'href').then(el => {\n    cy.log('First link url:', el);\n    cy.get('a[class=\"entry-link\"]').first().click();\n    cy.go('back');\n    cy.url().should('not.include', el);\n    cy.url().should('include', '/archives');\n});",
              "err": {},
              "uuid": "a397a14c-6539-40f5-a05d-e45399a45946",
              "parentUUID": "4eedfc95-387e-43ea-967c-aa48d8e15179",
              "isHook": false,
              "skipped": false
            },
            {
              "title": "Redirect to another Subpages testing use menu button in en",
              "fullTitle": "ArchivesPage Suite Redirect to another Subpages testing use menu button in en",
              "timedOut": null,
              "duration": 944,
              "state": "passed",
              "speed": "fast",
              "pass": true,
              "fail": false,
              "pending": false,
              "context": null,
              "code": "cy.wrap(this.blogpostspage.archivesPagesList_en).each((index) => {\n    postsPage.navigate('/archives');\n    let pageName = 'this.blogpostspage.' + index;\n    postsPage.clickButton(eval(pageName));\n    postsPage.verifySelectorContain('h1', index.toString());\n    postsPage.verifyUrl(index.toString().toLocaleLowerCase());\n});",
              "err": {},
              "uuid": "e813a2f6-2050-4427-85dc-da124fa1719e",
              "parentUUID": "4eedfc95-387e-43ea-967c-aa48d8e15179",
              "isHook": false,
              "skipped": false
            },
            {
              "title": "Use Logo button to Homepage test in zh-tw",
              "fullTitle": "ArchivesPage Suite Use Logo button to Homepage test in zh-tw",
              "timedOut": null,
              "duration": 286,
              "state": "passed",
              "speed": "fast",
              "pass": true,
              "fail": false,
              "pending": false,
              "context": null,
              "code": "postsPage.navigate('/zh-tw/archives');\npostsPage.verifyUrl('/zh-tw/archives');\npostsPage.verifyButtonContain(this.blogpostspage.LogoButton, this.blogpostspage.baseUrl);\npostsPage.clickButton(this.blogpostspage.LogoButton);\npostsPage.verifyUrl(this.blogpostspage.baseUrl);",
              "err": {},
              "uuid": "9662971d-91bd-443d-b105-d5393ccc1364",
              "parentUUID": "4eedfc95-387e-43ea-967c-aa48d8e15179",
              "isHook": false,
              "skipped": false
            },
            {
              "title": "Check headings in zh-tw",
              "fullTitle": "ArchivesPage Suite Check headings in zh-tw",
              "timedOut": null,
              "duration": 186,
              "state": "passed",
              "speed": "fast",
              "pass": true,
              "fail": false,
              "pending": false,
              "context": null,
              "code": "postsPage.navigate('/zh-tw/archives');\ncy.get('h1').should('contain.text', '歸檔');\ncy.get('h2').should('have.class', 'archive-year-header');\ncy.get('h3').should('have.class', 'archive-month-header');\ncy.get('h3').should('have.class', 'archive-entry-title');",
              "err": {},
              "uuid": "c4b8c61b-a80a-47bb-abea-133d712d7b10",
              "parentUUID": "4eedfc95-387e-43ea-967c-aa48d8e15179",
              "isHook": false,
              "skipped": false
            },
            {
              "title": "Check class attributes in zh-tw",
              "fullTitle": "ArchivesPage Suite Check class attributes in zh-tw",
              "timedOut": null,
              "duration": 462,
              "state": "passed",
              "speed": "fast",
              "pass": true,
              "fail": false,
              "pending": false,
              "context": null,
              "code": "postsPage.navigate('/zh-tw/archives');\ncy.get('div').should('have.class', 'archive-year');\ncy.get('div').should('have.class', 'archive-month');\ncy.get('div').should('have.class', 'archive-posts');\ncy.get('div').should('have.class', 'archive-entry');\ncy.get('div').should('have.class', 'archive-meta');",
              "err": {},
              "uuid": "661a7d2f-b8d0-46bb-90df-ffe39221dca6",
              "parentUUID": "4eedfc95-387e-43ea-967c-aa48d8e15179",
              "isHook": false,
              "skipped": false
            },
            {
              "title": "Check a attributes in zh-tw",
              "fullTitle": "ArchivesPage Suite Check a attributes in zh-tw",
              "timedOut": null,
              "duration": 218,
              "state": "passed",
              "speed": "fast",
              "pass": true,
              "fail": false,
              "pending": false,
              "context": null,
              "code": "postsPage.navigate('/zh-tw/archives');\ncy.get('a').should('have.class', 'entry-link');\ncy.get('a').should('have.attr', 'href');\ncy.get('a')\n    .invoke('attr', 'href')\n    .should('have.string', '/zh-tw/');",
              "err": {},
              "uuid": "2a994e76-2036-4ae1-aa0e-03416a2b600c",
              "parentUUID": "4eedfc95-387e-43ea-967c-aa48d8e15179",
              "isHook": false,
              "skipped": false
            },
            {
              "title": "Check span attributes in zh-tw",
              "fullTitle": "ArchivesPage Suite Check span attributes in zh-tw",
              "timedOut": null,
              "duration": 85,
              "state": "passed",
              "speed": "fast",
              "pass": true,
              "fail": false,
              "pending": false,
              "context": null,
              "code": "postsPage.navigate('/zh-tw/archives');\ncy.get('#top > main > div:nth-child(2) > div:nth-child(2) > div > div > div > span')\n    .invoke('attr', 'title')\n    .should('match', /^((19|20)?[0-9]{2}[-](0?[1-9]|1[012])[-](0?[1-9]|[12][0-9]|3[01])[ ](0[012]|0[1-9]|1[0-9]|2[0-4])[:]([0-6][0-9])[:]([0-6][0-9])[ ][+]0{4}[ ]UTC)/);",
              "err": {},
              "uuid": "de9e4afd-07bd-4018-aec2-54652e5bf2ae",
              "parentUUID": "4eedfc95-387e-43ea-967c-aa48d8e15179",
              "isHook": false,
              "skipped": false
            },
            {
              "title": "Check contains in zh-tw",
              "fullTitle": "ArchivesPage Suite Check contains in zh-tw",
              "timedOut": null,
              "duration": 103,
              "state": "passed",
              "speed": "fast",
              "pass": true,
              "fail": false,
              "pending": false,
              "context": null,
              "code": "postsPage.navigate('/zh-tw/archives');\ncy.contains(/^((19|20)?[0-9]{2} (January|February|March|April|May|June|July|August|September|October|November|December) (0?[1-9]|[12][0-9]|3[01]))/);",
              "err": {},
              "uuid": "54bd9ee4-ff72-44c4-9669-8cf27b666262",
              "parentUUID": "4eedfc95-387e-43ea-967c-aa48d8e15179",
              "isHook": false,
              "skipped": false
            },
            {
              "title": "Check yearly archive-count attributes in zh-tw",
              "fullTitle": "ArchivesPage Suite Check yearly archive-count attributes in zh-tw",
              "timedOut": null,
              "duration": 122,
              "state": "passed",
              "speed": "fast",
              "pass": true,
              "fail": false,
              "pending": false,
              "context": null,
              "code": "postsPage.navigate('/zh-tw/archives');\ncy.get('.archive-year-header > .archive-count').first().invoke('text').then(parseFloat).then(archiveCount => {\n    cy.log('Yearly archiveCount', archiveCount);\n    cy.get('.archive-year').first().find('a').its('length').should('eq', archiveCount);\n});",
              "err": {},
              "uuid": "5c223607-1739-4cf6-9529-002dcf41b515",
              "parentUUID": "4eedfc95-387e-43ea-967c-aa48d8e15179",
              "isHook": false,
              "skipped": false
            },
            {
              "title": "Check monthly archive-count attributes in zh-tw",
              "fullTitle": "ArchivesPage Suite Check monthly archive-count attributes in zh-tw",
              "timedOut": null,
              "duration": 122,
              "state": "passed",
              "speed": "fast",
              "pass": true,
              "fail": false,
              "pending": false,
              "context": null,
              "code": "postsPage.navigate('/zh-tw/archives');\ncy.get('.archive-month-header > .archive-count').first().invoke('text').then(parseFloat).then(archiveCount => {\n    cy.log('Monthly archiveCount', archiveCount);\n    cy.get('.archive-month').first().find('a').its('length').should('eq', archiveCount);\n});",
              "err": {},
              "uuid": "8e972bd0-8dc8-403e-8976-257ca87164a6",
              "parentUUID": "4eedfc95-387e-43ea-967c-aa48d8e15179",
              "isHook": false,
              "skipped": false
            },
            {
              "title": "Check posts links in zh-tw",
              "fullTitle": "ArchivesPage Suite Check posts links in zh-tw",
              "timedOut": null,
              "duration": 260,
              "state": "passed",
              "speed": "fast",
              "pass": true,
              "fail": false,
              "pending": false,
              "context": null,
              "code": "postsPage.navigate('/zh-tw/archives');\ncy.get('a[class=\"entry-link\"]').first().invoke('attr', 'href').then(el => {\n    cy.log('First link url:', el);\n    cy.get('a[class=\"entry-link\"]').first().click();\n    cy.url().should('include', el);\n});",
              "err": {},
              "uuid": "fcd19240-83a7-4b00-ad63-387bf9772a45",
              "parentUUID": "4eedfc95-387e-43ea-967c-aa48d8e15179",
              "isHook": false,
              "skipped": false
            },
            {
              "title": "Check a post back from archives links in zh-tw",
              "fullTitle": "ArchivesPage Suite Check a post back from archives links in zh-tw",
              "timedOut": null,
              "duration": 356,
              "state": "passed",
              "speed": "fast",
              "pass": true,
              "fail": false,
              "pending": false,
              "context": null,
              "code": "postsPage.navigate('/zh-tw/archives');\ncy.get('a[class=\"entry-link\"]').first().invoke('attr', 'href').then(el => {\n    cy.log('First link url:', el);\n    cy.get('a[class=\"entry-link\"]').first().click();\n    cy.go('back');\n    cy.url().should('not.include', el);\n    cy.url().should('include', '/archives');\n});",
              "err": {},
              "uuid": "219a4446-d449-4108-9c42-688986fa0aa5",
              "parentUUID": "4eedfc95-387e-43ea-967c-aa48d8e15179",
              "isHook": false,
              "skipped": false
            },
            {
              "title": "Redirect to another Subpages testing use menu button in zh-tw",
              "fullTitle": "ArchivesPage Suite Redirect to another Subpages testing use menu button in zh-tw",
              "timedOut": null,
              "duration": 991,
              "state": "passed",
              "speed": "fast",
              "pass": true,
              "fail": false,
              "pending": false,
              "context": null,
              "code": "let indexCount = 0;\ncy.wrap(this.blogpostspage.archivesPagesList_en).each((index) => {\n    postsPage.navigate('/zh-tw/archives');\n    let pageName = 'this.blogpostspage.' + index;\n    postsPage.clickButton(eval(pageName));\n    if (index.toString() === 'Categories') {\n        let containValue = 'Categories';\n        cy.log(containValue);\n        postsPage.verifySelectorContain('h1', containValue);\n        cy.url().should('includes', this.blogpostspage.baseUrl_zhtw + containValue.toLocaleLowerCase());\n        indexCount += 1;\n    }\n    else {\n        cy.log(this.blogpostspage.archivesPagesList_zhtw[indexCount]);\n        postsPage.verifySelectorContain('h1', this.blogpostspage.archivesPagesList_zhtw[indexCount].toString());\n        cy.url().should('includes', this.blogpostspage.baseUrl_zhtw + this.blogpostspage.archivesPagesList_en[indexCount].toString().toLocaleLowerCase());\n        indexCount += 1;\n    }\n});",
              "err": {},
              "uuid": "44addfcd-d8a4-4ed4-9020-8b81e81d7e15",
              "parentUUID": "4eedfc95-387e-43ea-967c-aa48d8e15179",
              "isHook": false,
              "skipped": false
            }
          ],
          "suites": [],
          "passes": [
            "877b47d0-0e84-496e-bcaf-f0536cc83d49",
            "5883e253-f435-46f1-89bc-3aee76a08997",
            "c77534fc-04b4-418a-b667-04a5491cee21",
            "90b0df6a-1b69-4528-97ad-5dbf974f0884",
            "3654324b-d7a6-470c-864d-ea5da49bc5c2",
            "fe0a573b-dc62-43ac-bf40-759d5abbf213",
            "f054b48a-6689-45b5-8755-9e0b14024653",
            "31af80fe-515d-4f27-8b64-59de07fbe7f1",
            "ed19577e-9dff-4be0-beef-0619526e2dd7",
            "a397a14c-6539-40f5-a05d-e45399a45946",
            "e813a2f6-2050-4427-85dc-da124fa1719e",
            "9662971d-91bd-443d-b105-d5393ccc1364",
            "c4b8c61b-a80a-47bb-abea-133d712d7b10",
            "661a7d2f-b8d0-46bb-90df-ffe39221dca6",
            "2a994e76-2036-4ae1-aa0e-03416a2b600c",
            "de9e4afd-07bd-4018-aec2-54652e5bf2ae",
            "54bd9ee4-ff72-44c4-9669-8cf27b666262",
            "5c223607-1739-4cf6-9529-002dcf41b515",
            "8e972bd0-8dc8-403e-8976-257ca87164a6",
            "fcd19240-83a7-4b00-ad63-387bf9772a45",
            "219a4446-d449-4108-9c42-688986fa0aa5",
            "44addfcd-d8a4-4ed4-9020-8b81e81d7e15"
          ],
          "failures": [],
          "pending": [],
          "skipped": [],
          "duration": 7521,
          "root": false,
          "rootEmpty": false,
          "_timeout": 2000
        }
      ],
      "passes": [],
      "failures": [],
      "pending": [],
      "skipped": [],
      "duration": 0,
      "root": true,
      "rootEmpty": true,
      "_timeout": 2000
    }
  ],
  "meta": {
    "mocha": {
      "version": "7.0.1"
    },
    "mochawesome": {
      "options": {
        "quiet": false,
        "reportFilename": "mochawesome",
        "saveHtml": false,
        "saveJson": true,
        "consoleReporter": "spec",
        "useInlineDiffs": false,
        "code": true
      },
      "version": "7.1.2"
    },
    "marge": {
      "options": {
        "charts": true,
        "overwrite": false,
        "html": false,
        "json": true,
        "reportDir": "cypress/reports"
      },
      "version": "6.1.1"
    }
  }
}