{
  "stats": {
    "suites": 1,
    "tests": 9,
    "passes": 9,
    "pending": 0,
    "failures": 0,
    "start": "2022-03-24T22:37:05.548Z",
    "end": "2022-03-24T22:37:11.689Z",
    "duration": 6141,
    "testsRegistered": 9,
    "passPercent": 100,
    "pendingPercent": 0,
    "other": 0,
    "hasOther": false,
    "skipped": 0,
    "hasSkipped": false
  },
  "results": [
    {
      "uuid": "e0978f90-33d3-4097-a2b7-b317eb0f04a6",
      "title": "",
      "fullFile": "cypress/integration/homepage.ts",
      "file": "cypress/integration/homepage.ts",
      "beforeHooks": [],
      "afterHooks": [],
      "tests": [],
      "suites": [
        {
          "uuid": "5a1bf848-ac26-4386-b89d-7e233cddfe80",
          "title": "HomePage Suite",
          "fullFile": "",
          "file": "",
          "beforeHooks": [],
          "afterHooks": [],
          "tests": [
            {
              "title": "Homepage test in en",
              "fullTitle": "HomePage Suite Homepage test in en",
              "timedOut": null,
              "duration": 448,
              "state": "passed",
              "speed": "fast",
              "pass": true,
              "fail": false,
              "pending": false,
              "context": null,
              "code": "homePage.navigate('/');\nhomePage.verifySelectorContain(this.bloghomepage.Language, '中文');\nhomePage.verifyButtonContain(this.bloghomepage.Language, 'zh-tw');\ncy.wrap(this.bloghomepage.pagesList_en).each((index) => {\n    let selectorName = 'this.bloghomepage.' + index;\n    homePage.verifySelectorContain(eval(selectorName), index.toString());\n    homePage.verifyButtonContain(eval(selectorName), index.toString().toLocaleLowerCase());\n});\ncy.wrap(this.bloghomepage.pageButtons).each((index) => {\n    let buttonName = 'this.bloghomepage.Button' + index;\n    let link = 'this.bloghomepage.Link' + index;\n    homePage.verifyButtonContain(eval(buttonName), eval(link));\n});",
              "err": {},
              "uuid": "5da803a3-031a-4765-b07a-61bbb39ba4ce",
              "parentUUID": "5a1bf848-ac26-4386-b89d-7e233cddfe80",
              "isHook": false,
              "skipped": false
            },
            {
              "title": "Homepage test in zh-tw",
              "fullTitle": "HomePage Suite Homepage test in zh-tw",
              "timedOut": null,
              "duration": 252,
              "state": "passed",
              "speed": "fast",
              "pass": true,
              "fail": false,
              "pending": false,
              "context": null,
              "code": "homePage.navigate(this.bloghomepage.baseUrl_zhtw);\nlet indexCount = 0;\nhomePage.verifySelectorContain(this.bloghomepage.Language, 'English');\nhomePage.verifyButtonContain(this.bloghomepage.Language, 'localhost');\ncy.wrap(this.bloghomepage.pagesList_en).each((index) => {\n    let selectorName = 'this.bloghomepage.' + index;\n    homePage.verifySelectorContain(eval(selectorName), this.bloghomepage.pagesList_zhtw[indexCount]);\n    homePage.verifyButtonContain(eval(selectorName), index.toString().toLocaleLowerCase());\n    indexCount += 1;\n});\ncy.wrap(this.bloghomepage.pageButtons).each((index) => {\n    let buttonName = 'this.bloghomepage.Button' + index;\n    let link = 'this.bloghomepage.Link' + index;\n    homePage.verifyButtonContain(eval(buttonName), eval(link));\n});",
              "err": {},
              "uuid": "e19a10d2-8cc8-462c-93f8-c8dac3ceff7a",
              "parentUUID": "5a1bf848-ac26-4386-b89d-7e233cddfe80",
              "isHook": false,
              "skipped": false
            },
            {
              "title": "Language change test en to zhtw",
              "fullTitle": "HomePage Suite Language change test en to zhtw",
              "timedOut": null,
              "duration": 234,
              "state": "passed",
              "speed": "fast",
              "pass": true,
              "fail": false,
              "pending": false,
              "context": null,
              "code": "homePage.navigate('/');\nhomePage.clickButton(this.bloghomepage.Language);\nhomePage.verifySelectorContain(this.bloghomepage.Language, 'English');",
              "err": {},
              "uuid": "c0fa6451-7129-4678-8dd6-7d6d489673d4",
              "parentUUID": "5a1bf848-ac26-4386-b89d-7e233cddfe80",
              "isHook": false,
              "skipped": false
            },
            {
              "title": "Language change test zhtw to en",
              "fullTitle": "HomePage Suite Language change test zhtw to en",
              "timedOut": null,
              "duration": 212,
              "state": "passed",
              "speed": "fast",
              "pass": true,
              "fail": false,
              "pending": false,
              "context": null,
              "code": "homePage.navigate(this.bloghomepage.baseUrl_zhtw);\nhomePage.clickButton(this.bloghomepage.Language);\nhomePage.verifySelectorContain(this.bloghomepage.Language, '中文');",
              "err": {},
              "uuid": "f435a2c2-42de-4eb2-a41b-6e048ab45510",
              "parentUUID": "5a1bf848-ac26-4386-b89d-7e233cddfe80",
              "isHook": false,
              "skipped": false
            },
            {
              "title": "Homepage redirect to Subpages testing use menu button in en",
              "fullTitle": "HomePage Suite Homepage redirect to Subpages testing use menu button in en",
              "timedOut": null,
              "duration": 1204,
              "state": "passed",
              "speed": "fast",
              "pass": true,
              "fail": false,
              "pending": false,
              "context": null,
              "code": "cy.wrap(this.bloghomepage.pagesList_en).each((index) => {\n    homePage.navigate('/');\n    let pageName = 'this.bloghomepage.' + index;\n    homePage.clickButton(eval(pageName));\n    homePage.verifySelectorContain('h1', index.toString());\n    cy.url().should('includes', index.toString().toLocaleLowerCase());\n});",
              "err": {},
              "uuid": "6f657e75-9239-4546-bbbb-28bfc7236c17",
              "parentUUID": "5a1bf848-ac26-4386-b89d-7e233cddfe80",
              "isHook": false,
              "skipped": false
            },
            {
              "title": "Homepage redirect to Subpages testing use menu button in zh-tw",
              "fullTitle": "HomePage Suite Homepage redirect to Subpages testing use menu button in zh-tw",
              "timedOut": null,
              "duration": 1325,
              "state": "passed",
              "speed": "fast",
              "pass": true,
              "fail": false,
              "pending": false,
              "context": null,
              "code": "let indexCount = 0;\ncy.wrap(this.bloghomepage.pagesList_en).each((index) => {\n    homePage.navigate(this.bloghomepage.baseUrl_zhtw);\n    let pageName = 'this.bloghomepage.' + index;\n    homePage.clickButton(eval(pageName));\n    if (index.toString() === 'Categories') {\n        let containValue = 'Categories';\n        cy.log(containValue);\n        homePage.verifySelectorContain('h1', containValue);\n        cy.url().should('includes', this.bloghomepage.baseUrl_zhtw + containValue.toLocaleLowerCase());\n        indexCount += 1;\n    }\n    else {\n        cy.log(this.bloghomepage.pagesList_zhtw[indexCount]);\n        homePage.verifySelectorContain('h1', this.bloghomepage.pagesList_zhtw[indexCount].toString());\n        cy.url().should('includes', this.bloghomepage.baseUrl_zhtw + this.bloghomepage.pagesList_en[indexCount].toString().toLocaleLowerCase());\n        indexCount += 1;\n    }\n});",
              "err": {},
              "uuid": "4347d8f4-b47f-4169-adba-bd97ca82aefc",
              "parentUUID": "5a1bf848-ac26-4386-b89d-7e233cddfe80",
              "isHook": false,
              "skipped": false
            },
            {
              "title": "Subpages redirect to Homepage testing use Logo button in en",
              "fullTitle": "HomePage Suite Subpages redirect to Homepage testing use Logo button in en",
              "timedOut": null,
              "duration": 1046,
              "state": "passed",
              "speed": "fast",
              "pass": true,
              "fail": false,
              "pending": false,
              "context": null,
              "code": "cy.wrap(this.bloghomepage.pagesList_en).each((index) => {\n    homePage.navigate(this.bloghomepage.baseUrl_en + index.toString().toLocaleLowerCase() + '/');\n    homePage.clickButton(this.bloghomepage.LogoButton);\n    homePage.verifySelectorContain('h1', 'Andrew Wu');\n    cy.url().should('includes', this.bloghomepage.baseUrl_en);\n});",
              "err": {},
              "uuid": "695df1d3-3b2a-4c4b-ba86-aa8bd7f4e3c5",
              "parentUUID": "5a1bf848-ac26-4386-b89d-7e233cddfe80",
              "isHook": false,
              "skipped": false
            },
            {
              "title": "Subpages redirect to Homepage testing use Logo button in zh-tw",
              "fullTitle": "HomePage Suite Subpages redirect to Homepage testing use Logo button in zh-tw",
              "timedOut": null,
              "duration": 1102,
              "state": "passed",
              "speed": "fast",
              "pass": true,
              "fail": false,
              "pending": false,
              "context": null,
              "code": "cy.wrap(this.bloghomepage.pagesList_en).each((index) => {\n    homePage.navigate(this.bloghomepage.baseUrl_zhtw + index.toString().toLocaleLowerCase() + '/');\n    homePage.clickButton(this.bloghomepage.LogoButton);\n    homePage.verifySelectorContain('h1', 'Andrew Wu');\n    cy.url().should('includes', this.bloghomepage.baseUrl_zhtw);\n});",
              "err": {},
              "uuid": "7dbb108a-cea2-4477-bce1-e9dd2bd451cb",
              "parentUUID": "5a1bf848-ac26-4386-b89d-7e233cddfe80",
              "isHook": false,
              "skipped": false
            },
            {
              "title": "RSS feed testing in en and zh-tw",
              "fullTitle": "HomePage Suite RSS feed testing in en and zh-tw",
              "timedOut": null,
              "duration": 76,
              "state": "passed",
              "speed": "fast",
              "pass": true,
              "fail": false,
              "pending": false,
              "context": null,
              "code": "cy.wrap(this.bloghomepage.bothUrl).each((index) => {\n    cy.request(index.toString())\n        .should((response) => {\n        expect(response.status).to.eq(200);\n        expect(response.body).have.contains(this.bloghomepage.baseUrl + index);\n    });\n});",
              "err": {},
              "uuid": "f490abec-a2c5-47a0-9301-98da1fc56215",
              "parentUUID": "5a1bf848-ac26-4386-b89d-7e233cddfe80",
              "isHook": false,
              "skipped": false
            }
          ],
          "suites": [],
          "passes": [
            "5da803a3-031a-4765-b07a-61bbb39ba4ce",
            "e19a10d2-8cc8-462c-93f8-c8dac3ceff7a",
            "c0fa6451-7129-4678-8dd6-7d6d489673d4",
            "f435a2c2-42de-4eb2-a41b-6e048ab45510",
            "6f657e75-9239-4546-bbbb-28bfc7236c17",
            "4347d8f4-b47f-4169-adba-bd97ca82aefc",
            "695df1d3-3b2a-4c4b-ba86-aa8bd7f4e3c5",
            "7dbb108a-cea2-4477-bce1-e9dd2bd451cb",
            "f490abec-a2c5-47a0-9301-98da1fc56215"
          ],
          "failures": [],
          "pending": [],
          "skipped": [],
          "duration": 5899,
          "root": false,
          "rootEmpty": false,
          "_timeout": 2000
        }
      ],
      "passes": [],
      "failures": [],
      "pending": [],
      "skipped": [],
      "duration": 0,
      "root": true,
      "rootEmpty": true,
      "_timeout": 2000
    }
  ],
  "meta": {
    "mocha": {
      "version": "7.0.1"
    },
    "mochawesome": {
      "options": {
        "quiet": false,
        "reportFilename": "mochawesome",
        "saveHtml": false,
        "saveJson": true,
        "consoleReporter": "spec",
        "useInlineDiffs": false,
        "code": true
      },
      "version": "7.1.2"
    },
    "marge": {
      "options": {
        "charts": true,
        "overwrite": false,
        "html": false,
        "json": true,
        "reportDir": "cypress/reports"
      },
      "version": "6.1.1"
    }
  }
}