{
  "stats": {
    "suites": 1,
    "tests": 22,
    "passes": 22,
    "pending": 0,
    "failures": 0,
    "start": "2022-03-24T20:21:13.400Z",
    "end": "2022-03-24T20:21:20.361Z",
    "duration": 6961,
    "testsRegistered": 22,
    "passPercent": 100,
    "pendingPercent": 0,
    "other": 0,
    "hasOther": false,
    "skipped": 0,
    "hasSkipped": false
  },
  "results": [
    {
      "uuid": "70f6e68d-b0b1-4f99-83dd-a99d07f93561",
      "title": "",
      "fullFile": "cypress/integration/archivespage.ts",
      "file": "cypress/integration/archivespage.ts",
      "beforeHooks": [],
      "afterHooks": [],
      "tests": [],
      "suites": [
        {
          "uuid": "23645abf-a4bd-4ffb-ba96-c5032e9a0b57",
          "title": "ArchivesPage Suite",
          "fullFile": "",
          "file": "",
          "beforeHooks": [],
          "afterHooks": [],
          "tests": [
            {
              "title": "Use Logo button to Homepage test in en",
              "fullTitle": "ArchivesPage Suite Use Logo button to Homepage test in en",
              "timedOut": null,
              "duration": 904,
              "state": "passed",
              "speed": "fast",
              "pass": true,
              "fail": false,
              "pending": false,
              "context": null,
              "code": "postsPage.navigate('/archives');\npostsPage.verifyUrl('/archives');\npostsPage.verifyButtonContain(this.blogpostspage.LogoButton, this.blogpostspage.baseUrl);\npostsPage.clickButton(this.blogpostspage.LogoButton);\npostsPage.verifyUrl(this.blogpostspage.baseUrl);",
              "err": {},
              "uuid": "4f74eedf-d4e0-4d08-9854-43d19091f782",
              "parentUUID": "23645abf-a4bd-4ffb-ba96-c5032e9a0b57",
              "isHook": false,
              "skipped": false
            },
            {
              "title": "Check headings in en",
              "fullTitle": "ArchivesPage Suite Check headings in en",
              "timedOut": null,
              "duration": 165,
              "state": "passed",
              "speed": "fast",
              "pass": true,
              "fail": false,
              "pending": false,
              "context": null,
              "code": "postsPage.navigate('/archives');\ncy.get('h1').should('contain.text', 'Archives');\ncy.get('h2').should('have.class', 'archive-year-header');\ncy.get('h3').should('have.class', 'archive-month-header');\ncy.get('h3').should('have.class', 'archive-entry-title');",
              "err": {},
              "uuid": "bf0df9c5-849c-442e-b47f-36e3b7b338ea",
              "parentUUID": "23645abf-a4bd-4ffb-ba96-c5032e9a0b57",
              "isHook": false,
              "skipped": false
            },
            {
              "title": "Check class attributes in en",
              "fullTitle": "ArchivesPage Suite Check class attributes in en",
              "timedOut": null,
              "duration": 353,
              "state": "passed",
              "speed": "fast",
              "pass": true,
              "fail": false,
              "pending": false,
              "context": null,
              "code": "postsPage.navigate('/archives');\ncy.get('div').should('have.class', 'archive-year');\ncy.get('div').should('have.class', 'archive-month');\ncy.get('div').should('have.class', 'archive-posts');\ncy.get('div').should('have.class', 'archive-entry');\ncy.get('div').should('have.class', 'archive-meta');",
              "err": {},
              "uuid": "a6e7342d-b642-403f-a812-1d0a263791d1",
              "parentUUID": "23645abf-a4bd-4ffb-ba96-c5032e9a0b57",
              "isHook": false,
              "skipped": false
            },
            {
              "title": "Check a attributes in en",
              "fullTitle": "ArchivesPage Suite Check a attributes in en",
              "timedOut": null,
              "duration": 197,
              "state": "passed",
              "speed": "fast",
              "pass": true,
              "fail": false,
              "pending": false,
              "context": null,
              "code": "postsPage.navigate('/archives');\ncy.get('a').should('have.class', 'entry-link');\ncy.get('a').should('have.attr', 'href');\ncy.get('a')\n    .invoke('attr', 'href')\n    .should('not.have.string', '/zh-tw/');",
              "err": {},
              "uuid": "7327240e-b26f-40ec-be8f-b9e1d49d13e5",
              "parentUUID": "23645abf-a4bd-4ffb-ba96-c5032e9a0b57",
              "isHook": false,
              "skipped": false
            },
            {
              "title": "Check span attributes in en",
              "fullTitle": "ArchivesPage Suite Check span attributes in en",
              "timedOut": null,
              "duration": 105,
              "state": "passed",
              "speed": "fast",
              "pass": true,
              "fail": false,
              "pending": false,
              "context": null,
              "code": "postsPage.navigate('/archives');\ncy.get('#top > main > div > div:nth-child(2) > div > div > div > span')\n    .invoke('attr', 'title')\n    .should('match', /^((19|20)?[0-9]{2}[-](0?[1-9]|1[012])[-](0?[1-9]|[12][0-9]|3[01])[ ](0[012]|0[1-9]|1[0-9]|2[0-4])[:]([0-6][0-9])[:]([0-6][0-9])[ ][+]0{4}[ ]UTC)/);",
              "err": {},
              "uuid": "25a3128f-e09a-470f-9b17-e9c400915833",
              "parentUUID": "23645abf-a4bd-4ffb-ba96-c5032e9a0b57",
              "isHook": false,
              "skipped": false
            },
            {
              "title": "Check contains in en",
              "fullTitle": "ArchivesPage Suite Check contains in en",
              "timedOut": null,
              "duration": 105,
              "state": "passed",
              "speed": "fast",
              "pass": true,
              "fail": false,
              "pending": false,
              "context": null,
              "code": "postsPage.navigate('/archives');\ncy.contains(/^((January|February|March|April|May|June|July|August|September|October|November|December) (0?[1-9]|[12][0-9]|3[01]), (19|20)?[0-9]{2})/);",
              "err": {},
              "uuid": "d84dbe08-909c-408c-903b-a45fd11aea3f",
              "parentUUID": "23645abf-a4bd-4ffb-ba96-c5032e9a0b57",
              "isHook": false,
              "skipped": false
            },
            {
              "title": "Check yearly archive-count attributes in en",
              "fullTitle": "ArchivesPage Suite Check yearly archive-count attributes in en",
              "timedOut": null,
              "duration": 145,
              "state": "passed",
              "speed": "fast",
              "pass": true,
              "fail": false,
              "pending": false,
              "context": null,
              "code": "postsPage.navigate('/archives');\ncy.get('.archive-year-header > .archive-count').first().invoke('text').then(parseFloat).then(archiveCount => {\n    cy.log('Yearly archiveCount', archiveCount);\n    cy.get('.archive-year').first().find('a').its('length').should('eq', archiveCount);\n});",
              "err": {},
              "uuid": "fa9d956d-a29f-4ce6-99f5-5b8edef94e8c",
              "parentUUID": "23645abf-a4bd-4ffb-ba96-c5032e9a0b57",
              "isHook": false,
              "skipped": false
            },
            {
              "title": "Check monthly archive-count attributes in en",
              "fullTitle": "ArchivesPage Suite Check monthly archive-count attributes in en",
              "timedOut": null,
              "duration": 125,
              "state": "passed",
              "speed": "fast",
              "pass": true,
              "fail": false,
              "pending": false,
              "context": null,
              "code": "postsPage.navigate('/archives');\ncy.get('.archive-month-header > .archive-count').first().invoke('text').then(parseFloat).then(archiveCount => {\n    cy.log('Monthly archiveCount', archiveCount);\n    cy.get('.archive-month').first().find('a').its('length').should('eq', archiveCount);\n});",
              "err": {},
              "uuid": "a9d17969-daf3-46d3-b22d-bdf35972773d",
              "parentUUID": "23645abf-a4bd-4ffb-ba96-c5032e9a0b57",
              "isHook": false,
              "skipped": false
            },
            {
              "title": "Check posts links in en",
              "fullTitle": "ArchivesPage Suite Check posts links in en",
              "timedOut": null,
              "duration": 354,
              "state": "passed",
              "speed": "fast",
              "pass": true,
              "fail": false,
              "pending": false,
              "context": null,
              "code": "postsPage.navigate('/archives');\ncy.get('a[class=\"entry-link\"]').first().invoke('attr', 'href').then(el => {\n    cy.log('First link url:', el);\n    cy.get('a[class=\"entry-link\"]').first().click();\n    cy.url().should('include', el);\n});",
              "err": {},
              "uuid": "de31449b-bfc1-4a72-b90d-cfe4aeab1337",
              "parentUUID": "23645abf-a4bd-4ffb-ba96-c5032e9a0b57",
              "isHook": false,
              "skipped": false
            },
            {
              "title": "Check a post back from archives links in en",
              "fullTitle": "ArchivesPage Suite Check a post back from archives links in en",
              "timedOut": null,
              "duration": 468,
              "state": "passed",
              "speed": "fast",
              "pass": true,
              "fail": false,
              "pending": false,
              "context": null,
              "code": "postsPage.navigate('/archives');\ncy.get('a[class=\"entry-link\"]').first().invoke('attr', 'href').then(el => {\n    cy.log('First link url:', el);\n    cy.get('a[class=\"entry-link\"]').first().click();\n    cy.go('back');\n    cy.url().should('not.include', el);\n    cy.url().should('include', '/archives');\n});",
              "err": {},
              "uuid": "2f42a13f-a9b4-48c7-89ba-bf9463390f81",
              "parentUUID": "23645abf-a4bd-4ffb-ba96-c5032e9a0b57",
              "isHook": false,
              "skipped": false
            },
            {
              "title": "Redirect to another Subpages testing use menu button in en",
              "fullTitle": "ArchivesPage Suite Redirect to another Subpages testing use menu button in en",
              "timedOut": null,
              "duration": 867,
              "state": "passed",
              "speed": "fast",
              "pass": true,
              "fail": false,
              "pending": false,
              "context": null,
              "code": "cy.wrap(this.blogpostspage.archivesPagesList_en).each((index) => {\n    postsPage.navigate('/archives');\n    let pageName = 'this.blogpostspage.' + index;\n    postsPage.clickButton(eval(pageName));\n    postsPage.verifySelectorContain('h1', index.toString());\n    postsPage.verifyUrl(index.toString().toLocaleLowerCase());\n});",
              "err": {},
              "uuid": "dd2e1539-07a6-43bf-9a3b-d831b9ecd2fa",
              "parentUUID": "23645abf-a4bd-4ffb-ba96-c5032e9a0b57",
              "isHook": false,
              "skipped": false
            },
            {
              "title": "Use Logo button to Homepage test in zh-tw",
              "fullTitle": "ArchivesPage Suite Use Logo button to Homepage test in zh-tw",
              "timedOut": null,
              "duration": 249,
              "state": "passed",
              "speed": "fast",
              "pass": true,
              "fail": false,
              "pending": false,
              "context": null,
              "code": "postsPage.navigate('/zh-tw/archives');\npostsPage.verifyUrl('/zh-tw/archives');\npostsPage.verifyButtonContain(this.blogpostspage.LogoButton, this.blogpostspage.baseUrl);\npostsPage.clickButton(this.blogpostspage.LogoButton);\npostsPage.verifyUrl(this.blogpostspage.baseUrl);",
              "err": {},
              "uuid": "08053e86-16ad-4303-a08e-6258569548c1",
              "parentUUID": "23645abf-a4bd-4ffb-ba96-c5032e9a0b57",
              "isHook": false,
              "skipped": false
            },
            {
              "title": "Check headings in zh-tw",
              "fullTitle": "ArchivesPage Suite Check headings in zh-tw",
              "timedOut": null,
              "duration": 169,
              "state": "passed",
              "speed": "fast",
              "pass": true,
              "fail": false,
              "pending": false,
              "context": null,
              "code": "postsPage.navigate('/zh-tw/archives');\ncy.get('h1').should('contain.text', '歸檔');\ncy.get('h2').should('have.class', 'archive-year-header');\ncy.get('h3').should('have.class', 'archive-month-header');\ncy.get('h3').should('have.class', 'archive-entry-title');",
              "err": {},
              "uuid": "80a70184-69ca-4194-87f5-c1442d1b8b6c",
              "parentUUID": "23645abf-a4bd-4ffb-ba96-c5032e9a0b57",
              "isHook": false,
              "skipped": false
            },
            {
              "title": "Check class attributes in zh-tw",
              "fullTitle": "ArchivesPage Suite Check class attributes in zh-tw",
              "timedOut": null,
              "duration": 320,
              "state": "passed",
              "speed": "fast",
              "pass": true,
              "fail": false,
              "pending": false,
              "context": null,
              "code": "postsPage.navigate('/zh-tw/archives');\ncy.get('div').should('have.class', 'archive-year');\ncy.get('div').should('have.class', 'archive-month');\ncy.get('div').should('have.class', 'archive-posts');\ncy.get('div').should('have.class', 'archive-entry');\ncy.get('div').should('have.class', 'archive-meta');",
              "err": {},
              "uuid": "6db67957-d842-41c1-a705-f30e304d9bff",
              "parentUUID": "23645abf-a4bd-4ffb-ba96-c5032e9a0b57",
              "isHook": false,
              "skipped": false
            },
            {
              "title": "Check a attributes in zh-tw",
              "fullTitle": "ArchivesPage Suite Check a attributes in zh-tw",
              "timedOut": null,
              "duration": 199,
              "state": "passed",
              "speed": "fast",
              "pass": true,
              "fail": false,
              "pending": false,
              "context": null,
              "code": "postsPage.navigate('/zh-tw/archives');\ncy.get('a').should('have.class', 'entry-link');\ncy.get('a').should('have.attr', 'href');\ncy.get('a')\n    .invoke('attr', 'href')\n    .should('have.string', '/zh-tw/');",
              "err": {},
              "uuid": "313a2164-bce7-4d58-9f43-949b22dd87e6",
              "parentUUID": "23645abf-a4bd-4ffb-ba96-c5032e9a0b57",
              "isHook": false,
              "skipped": false
            },
            {
              "title": "Check span attributes in zh-tw",
              "fullTitle": "ArchivesPage Suite Check span attributes in zh-tw",
              "timedOut": null,
              "duration": 101,
              "state": "passed",
              "speed": "fast",
              "pass": true,
              "fail": false,
              "pending": false,
              "context": null,
              "code": "postsPage.navigate('/zh-tw/archives');\ncy.get('#top > main > div:nth-child(2) > div:nth-child(2) > div > div:nth-child(2) > div > span')\n    .invoke('attr', 'title')\n    .should('match', /^((19|20)?[0-9]{2}[-](0?[1-9]|1[012])[-](0?[1-9]|[12][0-9]|3[01])[ ](0[012]|0[1-9]|1[0-9]|2[0-4])[:]([0-6][0-9])[:]([0-6][0-9])[ ][+]0{4}[ ]UTC)/);",
              "err": {},
              "uuid": "85e38fb8-8824-4dd0-937b-771202bec6af",
              "parentUUID": "23645abf-a4bd-4ffb-ba96-c5032e9a0b57",
              "isHook": false,
              "skipped": false
            },
            {
              "title": "Check contains in zh-tw",
              "fullTitle": "ArchivesPage Suite Check contains in zh-tw",
              "timedOut": null,
              "duration": 99,
              "state": "passed",
              "speed": "fast",
              "pass": true,
              "fail": false,
              "pending": false,
              "context": null,
              "code": "postsPage.navigate('/zh-tw/archives');\ncy.contains(/^((19|20)?[0-9]{2} (January|February|March|April|May|June|July|August|September|October|November|December) (0?[1-9]|[12][0-9]|3[01]))/);",
              "err": {},
              "uuid": "90d34c3f-1279-411b-809b-e16ab68a4fbf",
              "parentUUID": "23645abf-a4bd-4ffb-ba96-c5032e9a0b57",
              "isHook": false,
              "skipped": false
            },
            {
              "title": "Check yearly archive-count attributes in zh-tw",
              "fullTitle": "ArchivesPage Suite Check yearly archive-count attributes in zh-tw",
              "timedOut": null,
              "duration": 117,
              "state": "passed",
              "speed": "fast",
              "pass": true,
              "fail": false,
              "pending": false,
              "context": null,
              "code": "postsPage.navigate('/zh-tw/archives');\ncy.get('.archive-year-header > .archive-count').first().invoke('text').then(parseFloat).then(archiveCount => {\n    cy.log('Yearly archiveCount', archiveCount);\n    cy.get('.archive-year').first().find('a').its('length').should('eq', archiveCount);\n});",
              "err": {},
              "uuid": "26172054-42c4-4978-8af4-1ceb01dff1c7",
              "parentUUID": "23645abf-a4bd-4ffb-ba96-c5032e9a0b57",
              "isHook": false,
              "skipped": false
            },
            {
              "title": "Check monthly archive-count attributes in zh-tw",
              "fullTitle": "ArchivesPage Suite Check monthly archive-count attributes in zh-tw",
              "timedOut": null,
              "duration": 120,
              "state": "passed",
              "speed": "fast",
              "pass": true,
              "fail": false,
              "pending": false,
              "context": null,
              "code": "postsPage.navigate('/zh-tw/archives');\ncy.get('.archive-month-header > .archive-count').first().invoke('text').then(parseFloat).then(archiveCount => {\n    cy.log('Monthly archiveCount', archiveCount);\n    cy.get('.archive-month').first().find('a').its('length').should('eq', archiveCount);\n});",
              "err": {},
              "uuid": "19c0dc6e-4f15-4872-8072-051276ad2cb6",
              "parentUUID": "23645abf-a4bd-4ffb-ba96-c5032e9a0b57",
              "isHook": false,
              "skipped": false
            },
            {
              "title": "Check posts links in zh-tw",
              "fullTitle": "ArchivesPage Suite Check posts links in zh-tw",
              "timedOut": null,
              "duration": 351,
              "state": "passed",
              "speed": "fast",
              "pass": true,
              "fail": false,
              "pending": false,
              "context": null,
              "code": "postsPage.navigate('/zh-tw/archives');\ncy.get('a[class=\"entry-link\"]').first().invoke('attr', 'href').then(el => {\n    cy.log('First link url:', el);\n    cy.get('a[class=\"entry-link\"]').first().click();\n    cy.url().should('include', el);\n});",
              "err": {},
              "uuid": "8a637c08-0a51-41e5-9637-129a8833b65c",
              "parentUUID": "23645abf-a4bd-4ffb-ba96-c5032e9a0b57",
              "isHook": false,
              "skipped": false
            },
            {
              "title": "Check a post back from archives links in zh-tw",
              "fullTitle": "ArchivesPage Suite Check a post back from archives links in zh-tw",
              "timedOut": null,
              "duration": 354,
              "state": "passed",
              "speed": "fast",
              "pass": true,
              "fail": false,
              "pending": false,
              "context": null,
              "code": "postsPage.navigate('/zh-tw/archives');\ncy.get('a[class=\"entry-link\"]').first().invoke('attr', 'href').then(el => {\n    cy.log('First link url:', el);\n    cy.get('a[class=\"entry-link\"]').first().click();\n    cy.go('back');\n    cy.url().should('not.include', el);\n    cy.url().should('include', '/archives');\n});",
              "err": {},
              "uuid": "cd655393-318e-4866-b5a8-5f96a22b915b",
              "parentUUID": "23645abf-a4bd-4ffb-ba96-c5032e9a0b57",
              "isHook": false,
              "skipped": false
            },
            {
              "title": "Redirect to another Subpages testing use menu button in zh-tw",
              "fullTitle": "ArchivesPage Suite Redirect to another Subpages testing use menu button in zh-tw",
              "timedOut": null,
              "duration": 895,
              "state": "passed",
              "speed": "fast",
              "pass": true,
              "fail": false,
              "pending": false,
              "context": null,
              "code": "let indexCount = 0;\ncy.wrap(this.blogpostspage.archivesPagesList_en).each((index) => {\n    postsPage.navigate('/zh-tw/archives');\n    let pageName = 'this.blogpostspage.' + index;\n    postsPage.clickButton(eval(pageName));\n    if (index.toString() === 'Categories') {\n        let containValue = 'Categories';\n        cy.log(containValue);\n        postsPage.verifySelectorContain('h1', containValue);\n        cy.url().should('includes', this.blogpostspage.baseUrl_zhtw + containValue.toLocaleLowerCase());\n        indexCount += 1;\n    }\n    else {\n        cy.log(this.blogpostspage.archivesPagesList_zhtw[indexCount]);\n        postsPage.verifySelectorContain('h1', this.blogpostspage.archivesPagesList_zhtw[indexCount].toString());\n        cy.url().should('includes', this.blogpostspage.baseUrl_zhtw + this.blogpostspage.archivesPagesList_en[indexCount].toString().toLocaleLowerCase());\n        indexCount += 1;\n    }\n});",
              "err": {},
              "uuid": "c3e253da-be9e-4057-abbd-1a6110d02b97",
              "parentUUID": "23645abf-a4bd-4ffb-ba96-c5032e9a0b57",
              "isHook": false,
              "skipped": false
            }
          ],
          "suites": [],
          "passes": [
            "4f74eedf-d4e0-4d08-9854-43d19091f782",
            "bf0df9c5-849c-442e-b47f-36e3b7b338ea",
            "a6e7342d-b642-403f-a812-1d0a263791d1",
            "7327240e-b26f-40ec-be8f-b9e1d49d13e5",
            "25a3128f-e09a-470f-9b17-e9c400915833",
            "d84dbe08-909c-408c-903b-a45fd11aea3f",
            "fa9d956d-a29f-4ce6-99f5-5b8edef94e8c",
            "a9d17969-daf3-46d3-b22d-bdf35972773d",
            "de31449b-bfc1-4a72-b90d-cfe4aeab1337",
            "2f42a13f-a9b4-48c7-89ba-bf9463390f81",
            "dd2e1539-07a6-43bf-9a3b-d831b9ecd2fa",
            "08053e86-16ad-4303-a08e-6258569548c1",
            "80a70184-69ca-4194-87f5-c1442d1b8b6c",
            "6db67957-d842-41c1-a705-f30e304d9bff",
            "313a2164-bce7-4d58-9f43-949b22dd87e6",
            "85e38fb8-8824-4dd0-937b-771202bec6af",
            "90d34c3f-1279-411b-809b-e16ab68a4fbf",
            "26172054-42c4-4978-8af4-1ceb01dff1c7",
            "19c0dc6e-4f15-4872-8072-051276ad2cb6",
            "8a637c08-0a51-41e5-9637-129a8833b65c",
            "cd655393-318e-4866-b5a8-5f96a22b915b",
            "c3e253da-be9e-4057-abbd-1a6110d02b97"
          ],
          "failures": [],
          "pending": [],
          "skipped": [],
          "duration": 6762,
          "root": false,
          "rootEmpty": false,
          "_timeout": 2000
        }
      ],
      "passes": [],
      "failures": [],
      "pending": [],
      "skipped": [],
      "duration": 0,
      "root": true,
      "rootEmpty": true,
      "_timeout": 2000
    }
  ],
  "meta": {
    "mocha": {
      "version": "7.0.1"
    },
    "mochawesome": {
      "options": {
        "quiet": false,
        "reportFilename": "mochawesome",
        "saveHtml": false,
        "saveJson": true,
        "consoleReporter": "spec",
        "useInlineDiffs": false,
        "code": true
      },
      "version": "7.0.1"
    },
    "marge": {
      "options": {
        "charts": true,
        "overwrite": false,
        "html": false,
        "json": true,
        "reportDir": "cypress/reports"
      },
      "version": "6.1.1"
    }
  }
}