{
  "stats": {
    "suites": 1,
    "tests": 22,
    "passes": 22,
    "pending": 0,
    "failures": 0,
    "start": "2022-03-24T20:21:33.930Z",
    "end": "2022-03-24T20:21:44.769Z",
    "duration": 10839,
    "testsRegistered": 22,
    "passPercent": 100,
    "pendingPercent": 0,
    "other": 0,
    "hasOther": false,
    "skipped": 0,
    "hasSkipped": false
  },
  "results": [
    {
      "uuid": "81027b35-0122-444e-ad3b-73c2a049b5fd",
      "title": "",
      "fullFile": "cypress/integration/postspage.ts",
      "file": "cypress/integration/postspage.ts",
      "beforeHooks": [],
      "afterHooks": [],
      "tests": [],
      "suites": [
        {
          "uuid": "aebcf542-8c68-475f-8a01-8e3341e2a2a7",
          "title": "PostsPage Suite",
          "fullFile": "",
          "file": "",
          "beforeHooks": [],
          "afterHooks": [],
          "tests": [
            {
              "title": "Use Home button to Homepage test in en",
              "fullTitle": "PostsPage Suite Use Home button to Homepage test in en",
              "timedOut": null,
              "duration": 453,
              "state": "passed",
              "speed": "fast",
              "pass": true,
              "fail": false,
              "pending": false,
              "context": null,
              "code": "postsPage.navigate('/posts');\npostsPage.verifyButtonContain(this.blogpostspage.homeButton, this.blogpostspage.baseUrl);\npostsPage.clickButton(this.blogpostspage.homeButton);\npostsPage.verifyUrl(this.blogpostspage.baseUrl);",
              "err": {},
              "uuid": "a6e89880-7e1f-4d33-9241-fb76bcfddf86",
              "parentUUID": "aebcf542-8c68-475f-8a01-8e3341e2a2a7",
              "isHook": false,
              "skipped": false
            },
            {
              "title": "At a post use Home button to Homepage test in en",
              "fullTitle": "PostsPage Suite At a post use Home button to Homepage test in en",
              "timedOut": null,
              "duration": 715,
              "state": "passed",
              "speed": "fast",
              "pass": true,
              "fail": false,
              "pending": false,
              "context": null,
              "code": "postsPage.navigate('/posts');\npostsPage.clickButton(this.blogpostspage.firstPost);\npostsPage.verifyButtonContain(this.blogpostspage.homeButtonInPost, this.blogpostspage.baseUrl);\npostsPage.clickButton(this.blogpostspage.homeButtonInPost);\npostsPage.verifyUrl(this.blogpostspage.baseUrl);",
              "err": {},
              "uuid": "d8c64a1e-ec7a-43fe-9a85-a5b2a78a58f0",
              "parentUUID": "aebcf542-8c68-475f-8a01-8e3341e2a2a7",
              "isHook": false,
              "skipped": false
            },
            {
              "title": "Use Logo button to Homepage test in en",
              "fullTitle": "PostsPage Suite Use Logo button to Homepage test in en",
              "timedOut": null,
              "duration": 207,
              "state": "passed",
              "speed": "fast",
              "pass": true,
              "fail": false,
              "pending": false,
              "context": null,
              "code": "postsPage.navigate('/posts');\npostsPage.verifyButtonContain(this.blogpostspage.LogoButton, this.blogpostspage.baseUrl);\npostsPage.clickButton(this.blogpostspage.LogoButton);\npostsPage.verifyUrl(this.blogpostspage.baseUrl);",
              "err": {},
              "uuid": "b3cf394f-0b47-423e-bd5d-0a3de6f1948a",
              "parentUUID": "aebcf542-8c68-475f-8a01-8e3341e2a2a7",
              "isHook": false,
              "skipped": false
            },
            {
              "title": "At a post use Logo button to Homepage test in en",
              "fullTitle": "PostsPage Suite At a post use Logo button to Homepage test in en",
              "timedOut": null,
              "duration": 432,
              "state": "passed",
              "speed": "fast",
              "pass": true,
              "fail": false,
              "pending": false,
              "context": null,
              "code": "postsPage.navigate('/posts');\npostsPage.clickButton(this.blogpostspage.firstPost);\npostsPage.verifyButtonContain(this.blogpostspage.LogoButton, this.blogpostspage.baseUrl);\npostsPage.clickButton(this.blogpostspage.LogoButton);\npostsPage.verifyUrl(this.blogpostspage.baseUrl);",
              "err": {},
              "uuid": "ef1e0a44-e8d8-4b71-aca5-4eedfc7036b9",
              "parentUUID": "aebcf542-8c68-475f-8a01-8e3341e2a2a7",
              "isHook": false,
              "skipped": false
            },
            {
              "title": "At a post use Next Page button to Next Post test in en",
              "fullTitle": "PostsPage Suite At a post use Next Page button to Next Post test in en",
              "timedOut": null,
              "duration": 782,
              "state": "passed",
              "speed": "fast",
              "pass": true,
              "fail": false,
              "pending": false,
              "context": null,
              "code": "postsPage.navigate('/posts');\npostsPage.clickButton(this.blogpostspage.firstPost);\npostsPage.verifyButtonContain(this.blogpostspage.nextPage, 'next', 'class');\npostsPage.clickButton(this.blogpostspage.nextPage);\npostsPage.verifyButtonContain(this.blogpostspage.prevPage, 'prev', 'class');\npostsPage.verifyButtonContain(this.blogpostspage.nextPage, 'next', 'class');",
              "err": {},
              "uuid": "959a31e4-0230-4bb6-b15e-d66824a15c0a",
              "parentUUID": "aebcf542-8c68-475f-8a01-8e3341e2a2a7",
              "isHook": false,
              "skipped": false
            },
            {
              "title": "At a post use Prev Page button to Prev Post test in en",
              "fullTitle": "PostsPage Suite At a post use Prev Page button to Prev Post test in en",
              "timedOut": null,
              "duration": 756,
              "state": "passed",
              "speed": "fast",
              "pass": true,
              "fail": false,
              "pending": false,
              "context": null,
              "code": "postsPage.navigate('/posts');\npostsPage.clickButton(this.blogpostspage.firstPost);\npostsPage.verifyButtonContain(this.blogpostspage.nextPage, 'next', 'class');\npostsPage.clickButton(this.blogpostspage.nextPage);\npostsPage.verifyButtonContain(this.blogpostspage.prevPage, 'prev', 'class');\npostsPage.clickButton(this.blogpostspage.prevPage);\npostsPage.verifyNotExists(this.blogpostspage.prevPage);\npostsPage.verifyButtonContain(this.blogpostspage.nextPage, 'next', 'class');",
              "err": {},
              "uuid": "b7436aa9-a82a-4d86-9186-5bf7340a068c",
              "parentUUID": "aebcf542-8c68-475f-8a01-8e3341e2a2a7",
              "isHook": false,
              "skipped": false
            },
            {
              "title": "Pressed first post and back to Posts test in en",
              "fullTitle": "PostsPage Suite Pressed first post and back to Posts test in en",
              "timedOut": null,
              "duration": 533,
              "state": "passed",
              "speed": "fast",
              "pass": true,
              "fail": false,
              "pending": false,
              "context": null,
              "code": "postsPage.navigate('/posts');\ncy.get(this.blogpostspage.firstPost).invoke('attr', 'href').then(href => {\n    let getFirstPosthref = href;\n    postsPage.clickButton(this.blogpostspage.firstPost);\n    cy.url().should('include', getFirstPosthref);\n});\npostsPage.clickButton(this.blogpostspage.backPosts);\npostsPage.verifyUrl(this.blogpostspage.baseUrl + '/posts/');",
              "err": {},
              "uuid": "1b9c90c3-9e1b-4932-b043-0f44b1fb963c",
              "parentUUID": "aebcf542-8c68-475f-8a01-8e3341e2a2a7",
              "isHook": false,
              "skipped": false
            },
            {
              "title": "Testing next and prev page button in en",
              "fullTitle": "PostsPage Suite Testing next and prev page button in en",
              "timedOut": null,
              "duration": 303,
              "state": "passed",
              "speed": "fast",
              "pass": true,
              "fail": false,
              "pending": false,
              "context": null,
              "code": "postsPage.navigate('/posts');\npostsPage.clickButton(this.blogpostspage.nextPage);\npostsPage.verifyUrl(this.blogpostspage.baseUrl + '/posts/page/2/');\npostsPage.clickButton(this.blogpostspage.prevPage);\npostsPage.verifyUrl(this.blogpostspage.baseUrl + '/posts/');",
              "err": {},
              "uuid": "419eabc2-eb91-48be-bf8b-f4bfd87d151a",
              "parentUUID": "aebcf542-8c68-475f-8a01-8e3341e2a2a7",
              "isHook": false,
              "skipped": false
            },
            {
              "title": "Redirect to another Subpages testing use menu button in en",
              "fullTitle": "PostsPage Suite Redirect to another Subpages testing use menu button in en",
              "timedOut": null,
              "duration": 991,
              "state": "passed",
              "speed": "fast",
              "pass": true,
              "fail": false,
              "pending": false,
              "context": null,
              "code": "cy.wrap(this.blogpostspage.postsPagesList_en).each((index) => {\n    postsPage.navigate('/posts');\n    let pageName = 'this.blogpostspage.' + index;\n    postsPage.clickButton(eval(pageName));\n    postsPage.verifySelectorContain('h1', index.toString());\n    postsPage.verifyUrl(index.toString().toLocaleLowerCase());\n});",
              "err": {},
              "uuid": "81b27c31-355a-433d-91bf-7b81d7423b9c",
              "parentUUID": "aebcf542-8c68-475f-8a01-8e3341e2a2a7",
              "isHook": false,
              "skipped": false
            },
            {
              "title": "Use post translations button test in en",
              "fullTitle": "PostsPage Suite Use post translations button test in en",
              "timedOut": null,
              "duration": 521,
              "state": "passed",
              "speed": "fast",
              "pass": true,
              "fail": false,
              "pending": false,
              "context": null,
              "code": "postsPage.navigate('/2022/02/markdown-basic-systax/');\npostsPage.verifyButtonContain(this.blogpostspage.translationsButton, '/zh-tw/2022/02/markdown-');\npostsPage.clickButton(this.blogpostspage.translationsButton);\npostsPage.verifyUrl(this.blogpostspage.baseUrl_zhtw);",
              "err": {},
              "uuid": "3056bd82-07ba-4d24-a874-a2ea9cd76534",
              "parentUUID": "aebcf542-8c68-475f-8a01-8e3341e2a2a7",
              "isHook": false,
              "skipped": false
            },
            {
              "title": "Use Language button test in en",
              "fullTitle": "PostsPage Suite Use Language button test in en",
              "timedOut": null,
              "duration": 200,
              "state": "passed",
              "speed": "fast",
              "pass": true,
              "fail": false,
              "pending": false,
              "context": null,
              "code": "postsPage.navigate('/posts');\npostsPage.verifyButtonContain(this.blogpostspage.Language, '/zh-tw/');\npostsPage.clickButton(this.blogpostspage.Language);\npostsPage.verifyUrl(this.blogpostspage.baseUrl + '/zh-tw/');",
              "err": {},
              "uuid": "2207e3d0-a1c6-4918-ae9a-aeb323757226",
              "parentUUID": "aebcf542-8c68-475f-8a01-8e3341e2a2a7",
              "isHook": false,
              "skipped": false
            },
            {
              "title": "Use Home button to Homepage test in zh-tw",
              "fullTitle": "PostsPage Suite Use Home button to Homepage test in zh-tw",
              "timedOut": null,
              "duration": 305,
              "state": "passed",
              "speed": "fast",
              "pass": true,
              "fail": false,
              "pending": false,
              "context": null,
              "code": "postsPage.navigate('/zh-tw/posts');\npostsPage.verifyButtonContain(this.blogpostspage.homeButton, this.blogpostspage.baseUrl_zhtw);\npostsPage.clickButton(this.blogpostspage.homeButton);\npostsPage.verifyUrl(this.blogpostspage.baseUrl_zhtw);",
              "err": {},
              "uuid": "f927febd-62fc-4e55-ae96-aa6925cc752a",
              "parentUUID": "aebcf542-8c68-475f-8a01-8e3341e2a2a7",
              "isHook": false,
              "skipped": false
            },
            {
              "title": "At a post use Home button to Homepage test in zh-tw",
              "fullTitle": "PostsPage Suite At a post use Home button to Homepage test in zh-tw",
              "timedOut": null,
              "duration": 588,
              "state": "passed",
              "speed": "fast",
              "pass": true,
              "fail": false,
              "pending": false,
              "context": null,
              "code": "postsPage.navigate('/zh-tw/posts');\npostsPage.clickButton(this.blogpostspage.firstPost);\npostsPage.verifyButtonContain(this.blogpostspage.homeButtonInPost_zhtw, this.blogpostspage.baseUrl_zhtw);\npostsPage.clickButton(this.blogpostspage.homeButtonInPost_zhtw);\npostsPage.verifyUrl(this.blogpostspage.baseUrl_zhtw);",
              "err": {},
              "uuid": "7dcf244c-8d95-4d5a-bab0-184deb6fe3be",
              "parentUUID": "aebcf542-8c68-475f-8a01-8e3341e2a2a7",
              "isHook": false,
              "skipped": false
            },
            {
              "title": "Use Logo button to Homepage test in zh-tw",
              "fullTitle": "PostsPage Suite Use Logo button to Homepage test in zh-tw",
              "timedOut": null,
              "duration": 225,
              "state": "passed",
              "speed": "fast",
              "pass": true,
              "fail": false,
              "pending": false,
              "context": null,
              "code": "postsPage.navigate('/zh-tw/posts');\npostsPage.verifyButtonContain(this.blogpostspage.LogoButton, this.blogpostspage.baseUrl_zhtw);\npostsPage.clickButton(this.blogpostspage.LogoButton);\npostsPage.verifyUrl(this.blogpostspage.baseUrl_zhtw);",
              "err": {},
              "uuid": "347e65ce-54cc-4bc6-9024-3645b19b12d9",
              "parentUUID": "aebcf542-8c68-475f-8a01-8e3341e2a2a7",
              "isHook": false,
              "skipped": false
            },
            {
              "title": "At a post use Logo button to Homepage test in zh-tw",
              "fullTitle": "PostsPage Suite At a post use Logo button to Homepage test in zh-tw",
              "timedOut": null,
              "duration": 351,
              "state": "passed",
              "speed": "fast",
              "pass": true,
              "fail": false,
              "pending": false,
              "context": null,
              "code": "postsPage.navigate('/zh-tw/posts');\npostsPage.clickButton(this.blogpostspage.firstPost);\npostsPage.verifyButtonContain(this.blogpostspage.LogoButton, this.blogpostspage.baseUrl_zhtw);\npostsPage.clickButton(this.blogpostspage.LogoButton);\npostsPage.verifyUrl(this.blogpostspage.baseUrl_zhtw);",
              "err": {},
              "uuid": "b9f36140-51fc-48d4-8c2f-3fea2592d2e3",
              "parentUUID": "aebcf542-8c68-475f-8a01-8e3341e2a2a7",
              "isHook": false,
              "skipped": false
            },
            {
              "title": "At a post use Next Page button to Next Post test in zh-tw",
              "fullTitle": "PostsPage Suite At a post use Next Page button to Next Post test in zh-tw",
              "timedOut": null,
              "duration": 401,
              "state": "passed",
              "speed": "fast",
              "pass": true,
              "fail": false,
              "pending": false,
              "context": null,
              "code": "postsPage.navigate('/zh-tw/posts');\npostsPage.clickButton(this.blogpostspage.firstPost);\npostsPage.verifyButtonContain(this.blogpostspage.nextPage, 'next', 'class');\npostsPage.clickButton(this.blogpostspage.nextPage);\npostsPage.verifyButtonContain(this.blogpostspage.prevPage, 'prev', 'class');\npostsPage.verifyButtonContain(this.blogpostspage.nextPage, 'next', 'class');",
              "err": {},
              "uuid": "365103ef-3d41-40d2-9635-489b41d7248b",
              "parentUUID": "aebcf542-8c68-475f-8a01-8e3341e2a2a7",
              "isHook": false,
              "skipped": false
            },
            {
              "title": "At a post use Prev Page button to Prev Post test in zh-tw",
              "fullTitle": "PostsPage Suite At a post use Prev Page button to Prev Post test in zh-tw",
              "timedOut": null,
              "duration": 524,
              "state": "passed",
              "speed": "fast",
              "pass": true,
              "fail": false,
              "pending": false,
              "context": null,
              "code": "postsPage.navigate('/zh-tw/posts');\npostsPage.clickButton(this.blogpostspage.firstPost);\npostsPage.verifyButtonContain(this.blogpostspage.nextPage, 'next', 'class');\npostsPage.clickButton(this.blogpostspage.nextPage);\npostsPage.verifyButtonContain(this.blogpostspage.prevPage, 'prev', 'class');\npostsPage.clickButton(this.blogpostspage.prevPage);\npostsPage.verifyNotExists(this.blogpostspage.prevPage);\npostsPage.verifyButtonContain(this.blogpostspage.nextPage, 'next', 'class');",
              "err": {},
              "uuid": "e8115636-b606-49da-bbb7-e091150a0297",
              "parentUUID": "aebcf542-8c68-475f-8a01-8e3341e2a2a7",
              "isHook": false,
              "skipped": false
            },
            {
              "title": "Pressed first post and back to Posts test in zh-tw",
              "fullTitle": "PostsPage Suite Pressed first post and back to Posts test in zh-tw",
              "timedOut": null,
              "duration": 356,
              "state": "passed",
              "speed": "fast",
              "pass": true,
              "fail": false,
              "pending": false,
              "context": null,
              "code": "postsPage.navigate('/zh-tw/posts');\ncy.get(this.blogpostspage.firstPost).invoke('attr', 'href').then(href => {\n    let getFirstPosthref = href;\n    postsPage.clickButton(this.blogpostspage.firstPost);\n    cy.url().should('include', getFirstPosthref);\n});\npostsPage.clickButton(this.blogpostspage.backPosts_zhtw);\npostsPage.verifyUrl(this.blogpostspage.baseUrl + '/zh-tw/posts/');",
              "err": {},
              "uuid": "0f7ceeb3-ba33-4659-9772-0ec124c42afa",
              "parentUUID": "aebcf542-8c68-475f-8a01-8e3341e2a2a7",
              "isHook": false,
              "skipped": false
            },
            {
              "title": "Testing next and prev page button in zh-tw",
              "fullTitle": "PostsPage Suite Testing next and prev page button in zh-tw",
              "timedOut": null,
              "duration": 328,
              "state": "passed",
              "speed": "fast",
              "pass": true,
              "fail": false,
              "pending": false,
              "context": null,
              "code": "postsPage.navigate('/zh-tw/posts');\npostsPage.clickButton(this.blogpostspage.nextPage);\npostsPage.verifyUrl(this.blogpostspage.baseUrl + '/zh-tw/posts/page/2/');\npostsPage.clickButton(this.blogpostspage.prevPage);\npostsPage.verifyUrl(this.blogpostspage.baseUrl + '/zh-tw/posts/');",
              "err": {},
              "uuid": "f6446419-7687-4ed5-ae3a-09c8eb9ae8de",
              "parentUUID": "aebcf542-8c68-475f-8a01-8e3341e2a2a7",
              "isHook": false,
              "skipped": false
            },
            {
              "title": "Redirect to another Subpages testing use menu button in zh-tw",
              "fullTitle": "PostsPage Suite Redirect to another Subpages testing use menu button in zh-tw",
              "timedOut": null,
              "duration": 981,
              "state": "passed",
              "speed": "fast",
              "pass": true,
              "fail": false,
              "pending": false,
              "context": null,
              "code": "let indexCount = 0;\ncy.wrap(this.blogpostspage.postsPagesList_en).each((index) => {\n    postsPage.navigate('/zh-tw/posts');\n    let pageName = 'this.blogpostspage.' + index;\n    postsPage.clickButton(eval(pageName));\n    if (index.toString() === 'Categories') {\n        let containValue = 'Categories';\n        cy.log(containValue);\n        postsPage.verifySelectorContain('h1', containValue);\n        cy.url().should('includes', this.blogpostspage.baseUrl_zhtw + containValue.toLocaleLowerCase());\n        indexCount += 1;\n    }\n    else {\n        cy.log(this.blogpostspage.postsPagesList_zhtw[indexCount]);\n        postsPage.verifySelectorContain('h1', this.blogpostspage.postsPagesList_zhtw[indexCount].toString());\n        cy.url().should('includes', this.blogpostspage.baseUrl_zhtw + this.blogpostspage.postsPagesList_en[indexCount].toString().toLocaleLowerCase());\n        indexCount += 1;\n    }\n});",
              "err": {},
              "uuid": "109af0b3-6c4c-4279-ab16-2e9719372bc5",
              "parentUUID": "aebcf542-8c68-475f-8a01-8e3341e2a2a7",
              "isHook": false,
              "skipped": false
            },
            {
              "title": "Use post translations button test in zh-tw",
              "fullTitle": "PostsPage Suite Use post translations button test in zh-tw",
              "timedOut": null,
              "duration": 463,
              "state": "passed",
              "speed": "fast",
              "pass": true,
              "fail": false,
              "pending": false,
              "context": null,
              "code": "postsPage.navigate('/zh-tw/2022/02/markdown-%E7%AD%86%E8%A8%98-%E5%9F%BA%E6%9C%AC%E8%AA%9E%E6%B3%95%E4%BD%BF%E7%94%A8/');\npostsPage.verifyButtonContain(this.blogpostspage.translationsButton, '/2022/02/markdown-');\npostsPage.clickButton(this.blogpostspage.translationsButton);\npostsPage.verifyUrl(this.blogpostspage.baseUrl);",
              "err": {},
              "uuid": "451c48b2-1c50-4b61-8c98-8c508bf1fa2d",
              "parentUUID": "aebcf542-8c68-475f-8a01-8e3341e2a2a7",
              "isHook": false,
              "skipped": false
            },
            {
              "title": "Use Language button test in zh-tw",
              "fullTitle": "PostsPage Suite Use Language button test in zh-tw",
              "timedOut": null,
              "duration": 238,
              "state": "passed",
              "speed": "fast",
              "pass": true,
              "fail": false,
              "pending": false,
              "context": null,
              "code": "postsPage.navigate('/zh-tw/posts');\npostsPage.verifyButtonContain(this.blogpostspage.Language, '/');\npostsPage.clickButton(this.blogpostspage.Language);\npostsPage.verifyUrl(this.blogpostspage.baseUrl);",
              "err": {},
              "uuid": "00b7f91d-c65f-4deb-9c0e-46be4ea7e89a",
              "parentUUID": "aebcf542-8c68-475f-8a01-8e3341e2a2a7",
              "isHook": false,
              "skipped": false
            }
          ],
          "suites": [],
          "passes": [
            "a6e89880-7e1f-4d33-9241-fb76bcfddf86",
            "d8c64a1e-ec7a-43fe-9a85-a5b2a78a58f0",
            "b3cf394f-0b47-423e-bd5d-0a3de6f1948a",
            "ef1e0a44-e8d8-4b71-aca5-4eedfc7036b9",
            "959a31e4-0230-4bb6-b15e-d66824a15c0a",
            "b7436aa9-a82a-4d86-9186-5bf7340a068c",
            "1b9c90c3-9e1b-4932-b043-0f44b1fb963c",
            "419eabc2-eb91-48be-bf8b-f4bfd87d151a",
            "81b27c31-355a-433d-91bf-7b81d7423b9c",
            "3056bd82-07ba-4d24-a874-a2ea9cd76534",
            "2207e3d0-a1c6-4918-ae9a-aeb323757226",
            "f927febd-62fc-4e55-ae96-aa6925cc752a",
            "7dcf244c-8d95-4d5a-bab0-184deb6fe3be",
            "347e65ce-54cc-4bc6-9024-3645b19b12d9",
            "b9f36140-51fc-48d4-8c2f-3fea2592d2e3",
            "365103ef-3d41-40d2-9635-489b41d7248b",
            "e8115636-b606-49da-bbb7-e091150a0297",
            "0f7ceeb3-ba33-4659-9772-0ec124c42afa",
            "f6446419-7687-4ed5-ae3a-09c8eb9ae8de",
            "109af0b3-6c4c-4279-ab16-2e9719372bc5",
            "451c48b2-1c50-4b61-8c98-8c508bf1fa2d",
            "00b7f91d-c65f-4deb-9c0e-46be4ea7e89a"
          ],
          "failures": [],
          "pending": [],
          "skipped": [],
          "duration": 10653,
          "root": false,
          "rootEmpty": false,
          "_timeout": 2000
        }
      ],
      "passes": [],
      "failures": [],
      "pending": [],
      "skipped": [],
      "duration": 0,
      "root": true,
      "rootEmpty": true,
      "_timeout": 2000
    }
  ],
  "meta": {
    "mocha": {
      "version": "7.0.1"
    },
    "mochawesome": {
      "options": {
        "quiet": false,
        "reportFilename": "mochawesome",
        "saveHtml": false,
        "saveJson": true,
        "consoleReporter": "spec",
        "useInlineDiffs": false,
        "code": true
      },
      "version": "7.0.1"
    },
    "marge": {
      "options": {
        "charts": true,
        "overwrite": false,
        "html": false,
        "json": true,
        "reportDir": "cypress/reports"
      },
      "version": "6.1.1"
    }
  }
}