{
  "stats": {
    "suites": 1,
    "tests": 22,
    "passes": 22,
    "pending": 0,
    "failures": 0,
    "start": "2022-04-01T09:55:43.064Z",
    "end": "2022-04-01T09:55:53.729Z",
    "duration": 10665,
    "testsRegistered": 22,
    "passPercent": 100,
    "pendingPercent": 0,
    "other": 0,
    "hasOther": false,
    "skipped": 0,
    "hasSkipped": false
  },
  "results": [
    {
      "uuid": "2b88db49-d477-49a7-b6c4-6833157ae17b",
      "title": "",
      "fullFile": "cypress/integration/postspage.ts",
      "file": "cypress/integration/postspage.ts",
      "beforeHooks": [],
      "afterHooks": [],
      "tests": [],
      "suites": [
        {
          "uuid": "3e0d1fc2-b8a3-431f-8199-301575b99b05",
          "title": "PostsPage Suite",
          "fullFile": "",
          "file": "",
          "beforeHooks": [],
          "afterHooks": [],
          "tests": [
            {
              "title": "Use Home button to Homepage test in en",
              "fullTitle": "PostsPage Suite Use Home button to Homepage test in en",
              "timedOut": null,
              "duration": 386,
              "state": "passed",
              "speed": "fast",
              "pass": true,
              "fail": false,
              "pending": false,
              "context": null,
              "code": "postsPage.navigate('/posts');\npostsPage.verifyButtonContain(this.blogpostspage.homeButton, this.blogpostspage.baseUrl);\npostsPage.clickButton(this.blogpostspage.homeButton);\npostsPage.verifyUrl(this.blogpostspage.baseUrl);",
              "err": {},
              "uuid": "dfbc87f3-1259-4c3c-9148-e9d58e0e2420",
              "parentUUID": "3e0d1fc2-b8a3-431f-8199-301575b99b05",
              "isHook": false,
              "skipped": false
            },
            {
              "title": "At a post use Home button to Homepage test in en",
              "fullTitle": "PostsPage Suite At a post use Home button to Homepage test in en",
              "timedOut": null,
              "duration": 570,
              "state": "passed",
              "speed": "fast",
              "pass": true,
              "fail": false,
              "pending": false,
              "context": null,
              "code": "postsPage.navigate('/posts');\npostsPage.clickButton(this.blogpostspage.firstPost);\npostsPage.verifyButtonContain(this.blogpostspage.homeButtonInPost, this.blogpostspage.baseUrl);\npostsPage.clickButton(this.blogpostspage.homeButtonInPost);\npostsPage.verifyUrl(this.blogpostspage.baseUrl);",
              "err": {},
              "uuid": "e8a089b4-fc37-407d-9262-8cfa2f27969d",
              "parentUUID": "3e0d1fc2-b8a3-431f-8199-301575b99b05",
              "isHook": false,
              "skipped": false
            },
            {
              "title": "Use Logo button to Homepage test in en",
              "fullTitle": "PostsPage Suite Use Logo button to Homepage test in en",
              "timedOut": null,
              "duration": 194,
              "state": "passed",
              "speed": "fast",
              "pass": true,
              "fail": false,
              "pending": false,
              "context": null,
              "code": "postsPage.navigate('/posts');\npostsPage.verifyButtonContain(this.blogpostspage.LogoButton, this.blogpostspage.baseUrl);\npostsPage.clickButton(this.blogpostspage.LogoButton);\npostsPage.verifyUrl(this.blogpostspage.baseUrl);",
              "err": {},
              "uuid": "aa98a123-1ac2-48a2-9553-7092bbc5460e",
              "parentUUID": "3e0d1fc2-b8a3-431f-8199-301575b99b05",
              "isHook": false,
              "skipped": false
            },
            {
              "title": "At a post use Logo button to Homepage test in en",
              "fullTitle": "PostsPage Suite At a post use Logo button to Homepage test in en",
              "timedOut": null,
              "duration": 438,
              "state": "passed",
              "speed": "fast",
              "pass": true,
              "fail": false,
              "pending": false,
              "context": null,
              "code": "postsPage.navigate('/posts');\npostsPage.clickButton(this.blogpostspage.firstPost);\npostsPage.verifyButtonContain(this.blogpostspage.LogoButton, this.blogpostspage.baseUrl);\npostsPage.clickButton(this.blogpostspage.LogoButton);\npostsPage.verifyUrl(this.blogpostspage.baseUrl);",
              "err": {},
              "uuid": "25d6b3fa-f052-46d1-9955-7761b05ed4a8",
              "parentUUID": "3e0d1fc2-b8a3-431f-8199-301575b99b05",
              "isHook": false,
              "skipped": false
            },
            {
              "title": "At a post use Next Page button to Next Post test in en",
              "fullTitle": "PostsPage Suite At a post use Next Page button to Next Post test in en",
              "timedOut": null,
              "duration": 713,
              "state": "passed",
              "speed": "fast",
              "pass": true,
              "fail": false,
              "pending": false,
              "context": null,
              "code": "postsPage.navigate('/posts');\npostsPage.clickButton(this.blogpostspage.firstPost);\npostsPage.verifyButtonContain(this.blogpostspage.nextPage, 'next', 'class');\npostsPage.clickButton(this.blogpostspage.nextPage);\npostsPage.verifyButtonContain(this.blogpostspage.prevPage, 'prev', 'class');\npostsPage.verifyButtonContain(this.blogpostspage.nextPage, 'next', 'class');",
              "err": {},
              "uuid": "00cbfe16-f56a-4699-aaab-061805e013bb",
              "parentUUID": "3e0d1fc2-b8a3-431f-8199-301575b99b05",
              "isHook": false,
              "skipped": false
            },
            {
              "title": "At a post use Prev Page button to Prev Post test in en",
              "fullTitle": "PostsPage Suite At a post use Prev Page button to Prev Post test in en",
              "timedOut": null,
              "duration": 805,
              "state": "passed",
              "speed": "fast",
              "pass": true,
              "fail": false,
              "pending": false,
              "context": null,
              "code": "postsPage.navigate('/posts');\npostsPage.clickButton(this.blogpostspage.firstPost);\npostsPage.verifyButtonContain(this.blogpostspage.nextPage, 'next', 'class');\npostsPage.clickButton(this.blogpostspage.nextPage);\npostsPage.verifyButtonContain(this.blogpostspage.prevPage, 'prev', 'class');\npostsPage.clickButton(this.blogpostspage.prevPage);\npostsPage.verifyNotExists(this.blogpostspage.prevPage);\npostsPage.verifyButtonContain(this.blogpostspage.nextPage, 'next', 'class');",
              "err": {},
              "uuid": "22e0530f-9c46-43df-932d-6e4ecedecaf0",
              "parentUUID": "3e0d1fc2-b8a3-431f-8199-301575b99b05",
              "isHook": false,
              "skipped": false
            },
            {
              "title": "Pressed first post and back to Posts test in en",
              "fullTitle": "PostsPage Suite Pressed first post and back to Posts test in en",
              "timedOut": null,
              "duration": 520,
              "state": "passed",
              "speed": "fast",
              "pass": true,
              "fail": false,
              "pending": false,
              "context": null,
              "code": "postsPage.navigate('/posts');\ncy.get(this.blogpostspage.firstPost).invoke('attr', 'href').then(href => {\n    let getFirstPosthref = href;\n    postsPage.clickButton(this.blogpostspage.firstPost);\n    cy.url().should('include', getFirstPosthref);\n});\npostsPage.clickButton(this.blogpostspage.backPosts);\npostsPage.verifyUrl(this.blogpostspage.baseUrl + '/posts/');",
              "err": {},
              "uuid": "94734aca-7b90-4584-84cd-144201f3e4a5",
              "parentUUID": "3e0d1fc2-b8a3-431f-8199-301575b99b05",
              "isHook": false,
              "skipped": false
            },
            {
              "title": "Testing next and prev page button in en",
              "fullTitle": "PostsPage Suite Testing next and prev page button in en",
              "timedOut": null,
              "duration": 278,
              "state": "passed",
              "speed": "fast",
              "pass": true,
              "fail": false,
              "pending": false,
              "context": null,
              "code": "postsPage.navigate('/posts');\npostsPage.clickButton(this.blogpostspage.nextPage);\npostsPage.verifyUrl(this.blogpostspage.baseUrl + '/posts/page/2/');\npostsPage.clickButton(this.blogpostspage.prevPage);\npostsPage.verifyUrl(this.blogpostspage.baseUrl + '/posts/');",
              "err": {},
              "uuid": "1a34895c-fe9c-4dfb-a00f-86b9c2ae1914",
              "parentUUID": "3e0d1fc2-b8a3-431f-8199-301575b99b05",
              "isHook": false,
              "skipped": false
            },
            {
              "title": "Redirect to another Subpages testing use menu button in en",
              "fullTitle": "PostsPage Suite Redirect to another Subpages testing use menu button in en",
              "timedOut": null,
              "duration": 1026,
              "state": "passed",
              "speed": "fast",
              "pass": true,
              "fail": false,
              "pending": false,
              "context": null,
              "code": "cy.wrap(this.blogpostspage.postsPagesList_en).each((index) => {\n    postsPage.navigate('/posts');\n    let pageName = 'this.blogpostspage.' + index;\n    postsPage.clickButton(eval(pageName));\n    postsPage.verifySelectorContain('h1', index.toString());\n    postsPage.verifyUrl(index.toString().toLocaleLowerCase());\n});",
              "err": {},
              "uuid": "3321aaaa-18ff-4497-9fcd-427a893bf1dc",
              "parentUUID": "3e0d1fc2-b8a3-431f-8199-301575b99b05",
              "isHook": false,
              "skipped": false
            },
            {
              "title": "Use post translations button test in en",
              "fullTitle": "PostsPage Suite Use post translations button test in en",
              "timedOut": null,
              "duration": 525,
              "state": "passed",
              "speed": "fast",
              "pass": true,
              "fail": false,
              "pending": false,
              "context": null,
              "code": "postsPage.navigate('/2022/02/markdown-basic-systax/');\npostsPage.verifyButtonContain(this.blogpostspage.translationsButton, '/zh-tw/2022/02/markdown-');\npostsPage.clickButton(this.blogpostspage.translationsButton);\npostsPage.verifyUrl(this.blogpostspage.baseUrl_zhtw);",
              "err": {},
              "uuid": "4a6c004f-a47b-4447-8133-75c168b68332",
              "parentUUID": "3e0d1fc2-b8a3-431f-8199-301575b99b05",
              "isHook": false,
              "skipped": false
            },
            {
              "title": "Use Language button test in en",
              "fullTitle": "PostsPage Suite Use Language button test in en",
              "timedOut": null,
              "duration": 384,
              "state": "passed",
              "speed": "fast",
              "pass": true,
              "fail": false,
              "pending": false,
              "context": null,
              "code": "postsPage.navigate('/posts');\npostsPage.verifyButtonContain(this.blogpostspage.Language, '/zh-tw/');\npostsPage.clickButton(this.blogpostspage.Language);\npostsPage.verifyUrl(this.blogpostspage.baseUrl + '/zh-tw/');",
              "err": {},
              "uuid": "718df78c-ecbf-4605-aa20-ea3926b15446",
              "parentUUID": "3e0d1fc2-b8a3-431f-8199-301575b99b05",
              "isHook": false,
              "skipped": false
            },
            {
              "title": "Use Home button to Homepage test in zh-tw",
              "fullTitle": "PostsPage Suite Use Home button to Homepage test in zh-tw",
              "timedOut": null,
              "duration": 257,
              "state": "passed",
              "speed": "fast",
              "pass": true,
              "fail": false,
              "pending": false,
              "context": null,
              "code": "postsPage.navigate('/zh-tw/posts');\npostsPage.verifyButtonContain(this.blogpostspage.homeButton, this.blogpostspage.baseUrl_zhtw);\npostsPage.clickButton(this.blogpostspage.homeButton);\npostsPage.verifyUrl(this.blogpostspage.baseUrl_zhtw);",
              "err": {},
              "uuid": "1023e512-bcfb-4f9c-ac34-80b83ccac206",
              "parentUUID": "3e0d1fc2-b8a3-431f-8199-301575b99b05",
              "isHook": false,
              "skipped": false
            },
            {
              "title": "At a post use Home button to Homepage test in zh-tw",
              "fullTitle": "PostsPage Suite At a post use Home button to Homepage test in zh-tw",
              "timedOut": null,
              "duration": 331,
              "state": "passed",
              "speed": "fast",
              "pass": true,
              "fail": false,
              "pending": false,
              "context": null,
              "code": "postsPage.navigate('/zh-tw/posts');\npostsPage.clickButton(this.blogpostspage.firstPost);\npostsPage.verifyButtonContain(this.blogpostspage.homeButtonInPost_zhtw, this.blogpostspage.baseUrl_zhtw);\npostsPage.clickButton(this.blogpostspage.homeButtonInPost_zhtw);\npostsPage.verifyUrl(this.blogpostspage.baseUrl_zhtw);",
              "err": {},
              "uuid": "e07fc5d7-b838-4bf2-a445-9cc9036bfd48",
              "parentUUID": "3e0d1fc2-b8a3-431f-8199-301575b99b05",
              "isHook": false,
              "skipped": false
            },
            {
              "title": "Use Logo button to Homepage test in zh-tw",
              "fullTitle": "PostsPage Suite Use Logo button to Homepage test in zh-tw",
              "timedOut": null,
              "duration": 187,
              "state": "passed",
              "speed": "fast",
              "pass": true,
              "fail": false,
              "pending": false,
              "context": null,
              "code": "postsPage.navigate('/zh-tw/posts');\npostsPage.verifyButtonContain(this.blogpostspage.LogoButton, this.blogpostspage.baseUrl_zhtw);\npostsPage.clickButton(this.blogpostspage.LogoButton);\npostsPage.verifyUrl(this.blogpostspage.baseUrl_zhtw);",
              "err": {},
              "uuid": "2600ec07-2c5f-4fdb-aaff-912873f777ca",
              "parentUUID": "3e0d1fc2-b8a3-431f-8199-301575b99b05",
              "isHook": false,
              "skipped": false
            },
            {
              "title": "At a post use Logo button to Homepage test in zh-tw",
              "fullTitle": "PostsPage Suite At a post use Logo button to Homepage test in zh-tw",
              "timedOut": null,
              "duration": 301,
              "state": "passed",
              "speed": "fast",
              "pass": true,
              "fail": false,
              "pending": false,
              "context": null,
              "code": "postsPage.navigate('/zh-tw/posts');\npostsPage.clickButton(this.blogpostspage.firstPost);\npostsPage.verifyButtonContain(this.blogpostspage.LogoButton, this.blogpostspage.baseUrl_zhtw);\npostsPage.clickButton(this.blogpostspage.LogoButton);\npostsPage.verifyUrl(this.blogpostspage.baseUrl_zhtw);",
              "err": {},
              "uuid": "cfc2e753-60df-4adf-a693-26ffdcf1193b",
              "parentUUID": "3e0d1fc2-b8a3-431f-8199-301575b99b05",
              "isHook": false,
              "skipped": false
            },
            {
              "title": "At a post use Next Page button to Next Post test in zh-tw",
              "fullTitle": "PostsPage Suite At a post use Next Page button to Next Post test in zh-tw",
              "timedOut": null,
              "duration": 420,
              "state": "passed",
              "speed": "fast",
              "pass": true,
              "fail": false,
              "pending": false,
              "context": null,
              "code": "postsPage.navigate('/zh-tw/posts');\npostsPage.clickButton(this.blogpostspage.firstPost);\npostsPage.verifyButtonContain(this.blogpostspage.nextPage, 'next', 'class');\npostsPage.clickButton(this.blogpostspage.nextPage);\npostsPage.verifyButtonContain(this.blogpostspage.prevPage, 'prev', 'class');\npostsPage.verifyButtonContain(this.blogpostspage.nextPage, 'next', 'class');",
              "err": {},
              "uuid": "e4c30a26-2d7e-41cf-9fcb-3308f9c6b5c0",
              "parentUUID": "3e0d1fc2-b8a3-431f-8199-301575b99b05",
              "isHook": false,
              "skipped": false
            },
            {
              "title": "At a post use Prev Page button to Prev Post test in zh-tw",
              "fullTitle": "PostsPage Suite At a post use Prev Page button to Prev Post test in zh-tw",
              "timedOut": null,
              "duration": 522,
              "state": "passed",
              "speed": "fast",
              "pass": true,
              "fail": false,
              "pending": false,
              "context": null,
              "code": "postsPage.navigate('/zh-tw/posts');\npostsPage.clickButton(this.blogpostspage.firstPost);\npostsPage.verifyButtonContain(this.blogpostspage.nextPage, 'next', 'class');\npostsPage.clickButton(this.blogpostspage.nextPage);\npostsPage.verifyButtonContain(this.blogpostspage.prevPage, 'prev', 'class');\npostsPage.clickButton(this.blogpostspage.prevPage);\npostsPage.verifyNotExists(this.blogpostspage.prevPage);\npostsPage.verifyButtonContain(this.blogpostspage.nextPage, 'next', 'class');",
              "err": {},
              "uuid": "42ea2c9d-7d06-4d1e-a774-76a1bbff5fcb",
              "parentUUID": "3e0d1fc2-b8a3-431f-8199-301575b99b05",
              "isHook": false,
              "skipped": false
            },
            {
              "title": "Pressed first post and back to Posts test in zh-tw",
              "fullTitle": "PostsPage Suite Pressed first post and back to Posts test in zh-tw",
              "timedOut": null,
              "duration": 326,
              "state": "passed",
              "speed": "fast",
              "pass": true,
              "fail": false,
              "pending": false,
              "context": null,
              "code": "postsPage.navigate('/zh-tw/posts');\ncy.get(this.blogpostspage.firstPost).invoke('attr', 'href').then(href => {\n    let getFirstPosthref = href;\n    postsPage.clickButton(this.blogpostspage.firstPost);\n    cy.url().should('include', getFirstPosthref);\n});\npostsPage.clickButton(this.blogpostspage.backPosts_zhtw);\npostsPage.verifyUrl(this.blogpostspage.baseUrl + '/zh-tw/posts/');",
              "err": {},
              "uuid": "52975407-6c0a-4b75-b018-c8a536ca9644",
              "parentUUID": "3e0d1fc2-b8a3-431f-8199-301575b99b05",
              "isHook": false,
              "skipped": false
            },
            {
              "title": "Testing next and prev page button in zh-tw",
              "fullTitle": "PostsPage Suite Testing next and prev page button in zh-tw",
              "timedOut": null,
              "duration": 328,
              "state": "passed",
              "speed": "fast",
              "pass": true,
              "fail": false,
              "pending": false,
              "context": null,
              "code": "postsPage.navigate('/zh-tw/posts');\npostsPage.clickButton(this.blogpostspage.nextPage);\npostsPage.verifyUrl(this.blogpostspage.baseUrl + '/zh-tw/posts/page/2/');\npostsPage.clickButton(this.blogpostspage.prevPage);\npostsPage.verifyUrl(this.blogpostspage.baseUrl + '/zh-tw/posts/');",
              "err": {},
              "uuid": "36c4fa80-f94d-41a0-8ba2-3c5a1f0f94e6",
              "parentUUID": "3e0d1fc2-b8a3-431f-8199-301575b99b05",
              "isHook": false,
              "skipped": false
            },
            {
              "title": "Redirect to another Subpages testing use menu button in zh-tw",
              "fullTitle": "PostsPage Suite Redirect to another Subpages testing use menu button in zh-tw",
              "timedOut": null,
              "duration": 1019,
              "state": "passed",
              "speed": "fast",
              "pass": true,
              "fail": false,
              "pending": false,
              "context": null,
              "code": "let indexCount = 0;\ncy.wrap(this.blogpostspage.postsPagesList_en).each((index) => {\n    postsPage.navigate('/zh-tw/posts');\n    let pageName = 'this.blogpostspage.' + index;\n    postsPage.clickButton(eval(pageName));\n    if (index.toString() === 'Categories') {\n        let containValue = 'Categories';\n        cy.log(containValue);\n        postsPage.verifySelectorContain('h1', containValue);\n        cy.url().should('includes', this.blogpostspage.baseUrl_zhtw + containValue.toLocaleLowerCase());\n        indexCount += 1;\n    }\n    else {\n        cy.log(this.blogpostspage.postsPagesList_zhtw[indexCount]);\n        postsPage.verifySelectorContain('h1', this.blogpostspage.postsPagesList_zhtw[indexCount].toString());\n        cy.url().should('includes', this.blogpostspage.baseUrl_zhtw + this.blogpostspage.postsPagesList_en[indexCount].toString().toLocaleLowerCase());\n        indexCount += 1;\n    }\n});",
              "err": {},
              "uuid": "3f79d40c-5a2b-440f-b2e9-767532c6f0c9",
              "parentUUID": "3e0d1fc2-b8a3-431f-8199-301575b99b05",
              "isHook": false,
              "skipped": false
            },
            {
              "title": "Use post translations button test in zh-tw",
              "fullTitle": "PostsPage Suite Use post translations button test in zh-tw",
              "timedOut": null,
              "duration": 489,
              "state": "passed",
              "speed": "fast",
              "pass": true,
              "fail": false,
              "pending": false,
              "context": null,
              "code": "postsPage.navigate('/zh-tw/2022/02/markdown-%E7%AD%86%E8%A8%98-%E5%9F%BA%E6%9C%AC%E8%AA%9E%E6%B3%95%E4%BD%BF%E7%94%A8/');\npostsPage.verifyButtonContain(this.blogpostspage.translationsButton, '/2022/02/markdown-');\npostsPage.clickButton(this.blogpostspage.translationsButton);\npostsPage.verifyUrl(this.blogpostspage.baseUrl);",
              "err": {},
              "uuid": "af6d447f-3172-4339-960e-fab8869670ae",
              "parentUUID": "3e0d1fc2-b8a3-431f-8199-301575b99b05",
              "isHook": false,
              "skipped": false
            },
            {
              "title": "Use Language button test in zh-tw",
              "fullTitle": "PostsPage Suite Use Language button test in zh-tw",
              "timedOut": null,
              "duration": 309,
              "state": "passed",
              "speed": "fast",
              "pass": true,
              "fail": false,
              "pending": false,
              "context": null,
              "code": "postsPage.navigate('/zh-tw/posts');\npostsPage.verifyButtonContain(this.blogpostspage.Language, '/');\npostsPage.clickButton(this.blogpostspage.Language);\npostsPage.verifyUrl(this.blogpostspage.baseUrl);",
              "err": {},
              "uuid": "d46e01ca-04eb-420c-9b5e-c5d4d91807c8",
              "parentUUID": "3e0d1fc2-b8a3-431f-8199-301575b99b05",
              "isHook": false,
              "skipped": false
            }
          ],
          "suites": [],
          "passes": [
            "dfbc87f3-1259-4c3c-9148-e9d58e0e2420",
            "e8a089b4-fc37-407d-9262-8cfa2f27969d",
            "aa98a123-1ac2-48a2-9553-7092bbc5460e",
            "25d6b3fa-f052-46d1-9955-7761b05ed4a8",
            "00cbfe16-f56a-4699-aaab-061805e013bb",
            "22e0530f-9c46-43df-932d-6e4ecedecaf0",
            "94734aca-7b90-4584-84cd-144201f3e4a5",
            "1a34895c-fe9c-4dfb-a00f-86b9c2ae1914",
            "3321aaaa-18ff-4497-9fcd-427a893bf1dc",
            "4a6c004f-a47b-4447-8133-75c168b68332",
            "718df78c-ecbf-4605-aa20-ea3926b15446",
            "1023e512-bcfb-4f9c-ac34-80b83ccac206",
            "e07fc5d7-b838-4bf2-a445-9cc9036bfd48",
            "2600ec07-2c5f-4fdb-aaff-912873f777ca",
            "cfc2e753-60df-4adf-a693-26ffdcf1193b",
            "e4c30a26-2d7e-41cf-9fcb-3308f9c6b5c0",
            "42ea2c9d-7d06-4d1e-a774-76a1bbff5fcb",
            "52975407-6c0a-4b75-b018-c8a536ca9644",
            "36c4fa80-f94d-41a0-8ba2-3c5a1f0f94e6",
            "3f79d40c-5a2b-440f-b2e9-767532c6f0c9",
            "af6d447f-3172-4339-960e-fab8869670ae",
            "d46e01ca-04eb-420c-9b5e-c5d4d91807c8"
          ],
          "failures": [],
          "pending": [],
          "skipped": [],
          "duration": 10328,
          "root": false,
          "rootEmpty": false,
          "_timeout": 2000
        }
      ],
      "passes": [],
      "failures": [],
      "pending": [],
      "skipped": [],
      "duration": 0,
      "root": true,
      "rootEmpty": true,
      "_timeout": 2000
    }
  ],
  "meta": {
    "mocha": {
      "version": "7.0.1"
    },
    "mochawesome": {
      "options": {
        "quiet": false,
        "reportFilename": "mochawesome",
        "saveHtml": false,
        "saveJson": true,
        "consoleReporter": "spec",
        "useInlineDiffs": false,
        "code": true
      },
      "version": "7.1.2"
    },
    "marge": {
      "options": {
        "charts": true,
        "overwrite": false,
        "html": false,
        "json": true,
        "reportDir": "cypress/reports"
      },
      "version": "6.1.1"
    }
  }
}