{
  "stats": {
    "suites": 1,
    "tests": 22,
    "passes": 22,
    "pending": 0,
    "failures": 0,
    "start": "2022-03-24T21:14:57.490Z",
    "end": "2022-03-24T21:15:08.148Z",
    "duration": 10658,
    "testsRegistered": 22,
    "passPercent": 100,
    "pendingPercent": 0,
    "other": 0,
    "hasOther": false,
    "skipped": 0,
    "hasSkipped": false
  },
  "results": [
    {
      "uuid": "e49b09a2-bee3-49c3-ace3-312b43fd297c",
      "title": "",
      "fullFile": "cypress/integration/postspage.ts",
      "file": "cypress/integration/postspage.ts",
      "beforeHooks": [],
      "afterHooks": [],
      "tests": [],
      "suites": [
        {
          "uuid": "8be32b92-b6e9-420a-9b19-546a7338c891",
          "title": "PostsPage Suite",
          "fullFile": "",
          "file": "",
          "beforeHooks": [],
          "afterHooks": [],
          "tests": [
            {
              "title": "Use Home button to Homepage test in en",
              "fullTitle": "PostsPage Suite Use Home button to Homepage test in en",
              "timedOut": null,
              "duration": 717,
              "state": "passed",
              "speed": "fast",
              "pass": true,
              "fail": false,
              "pending": false,
              "context": null,
              "code": "postsPage.navigate('/posts');\npostsPage.verifyButtonContain(this.blogpostspage.homeButton, this.blogpostspage.baseUrl);\npostsPage.clickButton(this.blogpostspage.homeButton);\npostsPage.verifyUrl(this.blogpostspage.baseUrl);",
              "err": {},
              "uuid": "42fefb66-35f9-4f22-a53a-7d5a7319ae39",
              "parentUUID": "8be32b92-b6e9-420a-9b19-546a7338c891",
              "isHook": false,
              "skipped": false
            },
            {
              "title": "At a post use Home button to Homepage test in en",
              "fullTitle": "PostsPage Suite At a post use Home button to Homepage test in en",
              "timedOut": null,
              "duration": 527,
              "state": "passed",
              "speed": "fast",
              "pass": true,
              "fail": false,
              "pending": false,
              "context": null,
              "code": "postsPage.navigate('/posts');\npostsPage.clickButton(this.blogpostspage.firstPost);\npostsPage.verifyButtonContain(this.blogpostspage.homeButtonInPost, this.blogpostspage.baseUrl);\npostsPage.clickButton(this.blogpostspage.homeButtonInPost);\npostsPage.verifyUrl(this.blogpostspage.baseUrl);",
              "err": {},
              "uuid": "5cd394db-bdf7-457a-8cad-7eac216d5902",
              "parentUUID": "8be32b92-b6e9-420a-9b19-546a7338c891",
              "isHook": false,
              "skipped": false
            },
            {
              "title": "Use Logo button to Homepage test in en",
              "fullTitle": "PostsPage Suite Use Logo button to Homepage test in en",
              "timedOut": null,
              "duration": 210,
              "state": "passed",
              "speed": "fast",
              "pass": true,
              "fail": false,
              "pending": false,
              "context": null,
              "code": "postsPage.navigate('/posts');\npostsPage.verifyButtonContain(this.blogpostspage.LogoButton, this.blogpostspage.baseUrl);\npostsPage.clickButton(this.blogpostspage.LogoButton);\npostsPage.verifyUrl(this.blogpostspage.baseUrl);",
              "err": {},
              "uuid": "4af88e24-7305-4dde-979c-1fdcb4ef2d27",
              "parentUUID": "8be32b92-b6e9-420a-9b19-546a7338c891",
              "isHook": false,
              "skipped": false
            },
            {
              "title": "At a post use Logo button to Homepage test in en",
              "fullTitle": "PostsPage Suite At a post use Logo button to Homepage test in en",
              "timedOut": null,
              "duration": 403,
              "state": "passed",
              "speed": "fast",
              "pass": true,
              "fail": false,
              "pending": false,
              "context": null,
              "code": "postsPage.navigate('/posts');\npostsPage.clickButton(this.blogpostspage.firstPost);\npostsPage.verifyButtonContain(this.blogpostspage.LogoButton, this.blogpostspage.baseUrl);\npostsPage.clickButton(this.blogpostspage.LogoButton);\npostsPage.verifyUrl(this.blogpostspage.baseUrl);",
              "err": {},
              "uuid": "11b83668-aa5d-4503-89a7-145d2a3947e6",
              "parentUUID": "8be32b92-b6e9-420a-9b19-546a7338c891",
              "isHook": false,
              "skipped": false
            },
            {
              "title": "At a post use Next Page button to Next Post test in en",
              "fullTitle": "PostsPage Suite At a post use Next Page button to Next Post test in en",
              "timedOut": null,
              "duration": 686,
              "state": "passed",
              "speed": "fast",
              "pass": true,
              "fail": false,
              "pending": false,
              "context": null,
              "code": "postsPage.navigate('/posts');\npostsPage.clickButton(this.blogpostspage.firstPost);\npostsPage.verifyButtonContain(this.blogpostspage.nextPage, 'next', 'class');\npostsPage.clickButton(this.blogpostspage.nextPage);\npostsPage.verifyButtonContain(this.blogpostspage.prevPage, 'prev', 'class');\npostsPage.verifyButtonContain(this.blogpostspage.nextPage, 'next', 'class');",
              "err": {},
              "uuid": "29a99e96-5d5e-40cb-ac23-7a302ade9778",
              "parentUUID": "8be32b92-b6e9-420a-9b19-546a7338c891",
              "isHook": false,
              "skipped": false
            },
            {
              "title": "At a post use Prev Page button to Prev Post test in en",
              "fullTitle": "PostsPage Suite At a post use Prev Page button to Prev Post test in en",
              "timedOut": null,
              "duration": 650,
              "state": "passed",
              "speed": "fast",
              "pass": true,
              "fail": false,
              "pending": false,
              "context": null,
              "code": "postsPage.navigate('/posts');\npostsPage.clickButton(this.blogpostspage.firstPost);\npostsPage.verifyButtonContain(this.blogpostspage.nextPage, 'next', 'class');\npostsPage.clickButton(this.blogpostspage.nextPage);\npostsPage.verifyButtonContain(this.blogpostspage.prevPage, 'prev', 'class');\npostsPage.clickButton(this.blogpostspage.prevPage);\npostsPage.verifyNotExists(this.blogpostspage.prevPage);\npostsPage.verifyButtonContain(this.blogpostspage.nextPage, 'next', 'class');",
              "err": {},
              "uuid": "25064cbc-02c1-4872-bd58-92f4dbc39952",
              "parentUUID": "8be32b92-b6e9-420a-9b19-546a7338c891",
              "isHook": false,
              "skipped": false
            },
            {
              "title": "Pressed first post and back to Posts test in en",
              "fullTitle": "PostsPage Suite Pressed first post and back to Posts test in en",
              "timedOut": null,
              "duration": 394,
              "state": "passed",
              "speed": "fast",
              "pass": true,
              "fail": false,
              "pending": false,
              "context": null,
              "code": "postsPage.navigate('/posts');\ncy.get(this.blogpostspage.firstPost).invoke('attr', 'href').then(href => {\n    let getFirstPosthref = href;\n    postsPage.clickButton(this.blogpostspage.firstPost);\n    cy.url().should('include', getFirstPosthref);\n});\npostsPage.clickButton(this.blogpostspage.backPosts);\npostsPage.verifyUrl(this.blogpostspage.baseUrl + '/posts/');",
              "err": {},
              "uuid": "c61154ce-e751-45b1-abff-6344baf68258",
              "parentUUID": "8be32b92-b6e9-420a-9b19-546a7338c891",
              "isHook": false,
              "skipped": false
            },
            {
              "title": "Testing next and prev page button in en",
              "fullTitle": "PostsPage Suite Testing next and prev page button in en",
              "timedOut": null,
              "duration": 314,
              "state": "passed",
              "speed": "fast",
              "pass": true,
              "fail": false,
              "pending": false,
              "context": null,
              "code": "postsPage.navigate('/posts');\npostsPage.clickButton(this.blogpostspage.nextPage);\npostsPage.verifyUrl(this.blogpostspage.baseUrl + '/posts/page/2/');\npostsPage.clickButton(this.blogpostspage.prevPage);\npostsPage.verifyUrl(this.blogpostspage.baseUrl + '/posts/');",
              "err": {},
              "uuid": "b0fbc49a-70ad-41fb-9d3e-652ca66e7550",
              "parentUUID": "8be32b92-b6e9-420a-9b19-546a7338c891",
              "isHook": false,
              "skipped": false
            },
            {
              "title": "Redirect to another Subpages testing use menu button in en",
              "fullTitle": "PostsPage Suite Redirect to another Subpages testing use menu button in en",
              "timedOut": null,
              "duration": 981,
              "state": "passed",
              "speed": "fast",
              "pass": true,
              "fail": false,
              "pending": false,
              "context": null,
              "code": "cy.wrap(this.blogpostspage.postsPagesList_en).each((index) => {\n    postsPage.navigate('/posts');\n    let pageName = 'this.blogpostspage.' + index;\n    postsPage.clickButton(eval(pageName));\n    postsPage.verifySelectorContain('h1', index.toString());\n    postsPage.verifyUrl(index.toString().toLocaleLowerCase());\n});",
              "err": {},
              "uuid": "06c4fd18-4e7b-4dce-935c-7ec569c65ed7",
              "parentUUID": "8be32b92-b6e9-420a-9b19-546a7338c891",
              "isHook": false,
              "skipped": false
            },
            {
              "title": "Use post translations button test in en",
              "fullTitle": "PostsPage Suite Use post translations button test in en",
              "timedOut": null,
              "duration": 497,
              "state": "passed",
              "speed": "fast",
              "pass": true,
              "fail": false,
              "pending": false,
              "context": null,
              "code": "postsPage.navigate('/2022/02/markdown-basic-systax/');\npostsPage.verifyButtonContain(this.blogpostspage.translationsButton, '/zh-tw/2022/02/markdown-');\npostsPage.clickButton(this.blogpostspage.translationsButton);\npostsPage.verifyUrl(this.blogpostspage.baseUrl_zhtw);",
              "err": {},
              "uuid": "9931d654-c3c2-4fb5-a7c8-b81037c72c0f",
              "parentUUID": "8be32b92-b6e9-420a-9b19-546a7338c891",
              "isHook": false,
              "skipped": false
            },
            {
              "title": "Use Language button test in en",
              "fullTitle": "PostsPage Suite Use Language button test in en",
              "timedOut": null,
              "duration": 224,
              "state": "passed",
              "speed": "fast",
              "pass": true,
              "fail": false,
              "pending": false,
              "context": null,
              "code": "postsPage.navigate('/posts');\npostsPage.verifyButtonContain(this.blogpostspage.Language, '/zh-tw/');\npostsPage.clickButton(this.blogpostspage.Language);\npostsPage.verifyUrl(this.blogpostspage.baseUrl + '/zh-tw/');",
              "err": {},
              "uuid": "82e935b2-d19e-49ab-945c-b4613d1ffe85",
              "parentUUID": "8be32b92-b6e9-420a-9b19-546a7338c891",
              "isHook": false,
              "skipped": false
            },
            {
              "title": "Use Home button to Homepage test in zh-tw",
              "fullTitle": "PostsPage Suite Use Home button to Homepage test in zh-tw",
              "timedOut": null,
              "duration": 351,
              "state": "passed",
              "speed": "fast",
              "pass": true,
              "fail": false,
              "pending": false,
              "context": null,
              "code": "postsPage.navigate('/zh-tw/posts');\npostsPage.verifyButtonContain(this.blogpostspage.homeButton, this.blogpostspage.baseUrl_zhtw);\npostsPage.clickButton(this.blogpostspage.homeButton);\npostsPage.verifyUrl(this.blogpostspage.baseUrl_zhtw);",
              "err": {},
              "uuid": "82c93ab6-0f2b-4541-b8c1-276e948cf242",
              "parentUUID": "8be32b92-b6e9-420a-9b19-546a7338c891",
              "isHook": false,
              "skipped": false
            },
            {
              "title": "At a post use Home button to Homepage test in zh-tw",
              "fullTitle": "PostsPage Suite At a post use Home button to Homepage test in zh-tw",
              "timedOut": null,
              "duration": 472,
              "state": "passed",
              "speed": "fast",
              "pass": true,
              "fail": false,
              "pending": false,
              "context": null,
              "code": "postsPage.navigate('/zh-tw/posts');\npostsPage.clickButton(this.blogpostspage.firstPost);\npostsPage.verifyButtonContain(this.blogpostspage.homeButtonInPost_zhtw, this.blogpostspage.baseUrl_zhtw);\npostsPage.clickButton(this.blogpostspage.homeButtonInPost_zhtw);\npostsPage.verifyUrl(this.blogpostspage.baseUrl_zhtw);",
              "err": {},
              "uuid": "135c17a7-a9be-4cf3-b070-54e2d428efdb",
              "parentUUID": "8be32b92-b6e9-420a-9b19-546a7338c891",
              "isHook": false,
              "skipped": false
            },
            {
              "title": "Use Logo button to Homepage test in zh-tw",
              "fullTitle": "PostsPage Suite Use Logo button to Homepage test in zh-tw",
              "timedOut": null,
              "duration": 213,
              "state": "passed",
              "speed": "fast",
              "pass": true,
              "fail": false,
              "pending": false,
              "context": null,
              "code": "postsPage.navigate('/zh-tw/posts');\npostsPage.verifyButtonContain(this.blogpostspage.LogoButton, this.blogpostspage.baseUrl_zhtw);\npostsPage.clickButton(this.blogpostspage.LogoButton);\npostsPage.verifyUrl(this.blogpostspage.baseUrl_zhtw);",
              "err": {},
              "uuid": "ab49713c-d81e-4bbf-8e21-e1bff25d8a9d",
              "parentUUID": "8be32b92-b6e9-420a-9b19-546a7338c891",
              "isHook": false,
              "skipped": false
            },
            {
              "title": "At a post use Logo button to Homepage test in zh-tw",
              "fullTitle": "PostsPage Suite At a post use Logo button to Homepage test in zh-tw",
              "timedOut": null,
              "duration": 353,
              "state": "passed",
              "speed": "fast",
              "pass": true,
              "fail": false,
              "pending": false,
              "context": null,
              "code": "postsPage.navigate('/zh-tw/posts');\npostsPage.clickButton(this.blogpostspage.firstPost);\npostsPage.verifyButtonContain(this.blogpostspage.LogoButton, this.blogpostspage.baseUrl_zhtw);\npostsPage.clickButton(this.blogpostspage.LogoButton);\npostsPage.verifyUrl(this.blogpostspage.baseUrl_zhtw);",
              "err": {},
              "uuid": "56f169c8-458a-463e-b46a-7c7aa5ff8c1b",
              "parentUUID": "8be32b92-b6e9-420a-9b19-546a7338c891",
              "isHook": false,
              "skipped": false
            },
            {
              "title": "At a post use Next Page button to Next Post test in zh-tw",
              "fullTitle": "PostsPage Suite At a post use Next Page button to Next Post test in zh-tw",
              "timedOut": null,
              "duration": 446,
              "state": "passed",
              "speed": "fast",
              "pass": true,
              "fail": false,
              "pending": false,
              "context": null,
              "code": "postsPage.navigate('/zh-tw/posts');\npostsPage.clickButton(this.blogpostspage.firstPost);\npostsPage.verifyButtonContain(this.blogpostspage.nextPage, 'next', 'class');\npostsPage.clickButton(this.blogpostspage.nextPage);\npostsPage.verifyButtonContain(this.blogpostspage.prevPage, 'prev', 'class');\npostsPage.verifyButtonContain(this.blogpostspage.nextPage, 'next', 'class');",
              "err": {},
              "uuid": "cab84dab-7185-42e0-b458-917deda37e80",
              "parentUUID": "8be32b92-b6e9-420a-9b19-546a7338c891",
              "isHook": false,
              "skipped": false
            },
            {
              "title": "At a post use Prev Page button to Prev Post test in zh-tw",
              "fullTitle": "PostsPage Suite At a post use Prev Page button to Prev Post test in zh-tw",
              "timedOut": null,
              "duration": 585,
              "state": "passed",
              "speed": "fast",
              "pass": true,
              "fail": false,
              "pending": false,
              "context": null,
              "code": "postsPage.navigate('/zh-tw/posts');\npostsPage.clickButton(this.blogpostspage.firstPost);\npostsPage.verifyButtonContain(this.blogpostspage.nextPage, 'next', 'class');\npostsPage.clickButton(this.blogpostspage.nextPage);\npostsPage.verifyButtonContain(this.blogpostspage.prevPage, 'prev', 'class');\npostsPage.clickButton(this.blogpostspage.prevPage);\npostsPage.verifyNotExists(this.blogpostspage.prevPage);\npostsPage.verifyButtonContain(this.blogpostspage.nextPage, 'next', 'class');",
              "err": {},
              "uuid": "b9537890-31ad-4be0-87b8-a2529a9836e5",
              "parentUUID": "8be32b92-b6e9-420a-9b19-546a7338c891",
              "isHook": false,
              "skipped": false
            },
            {
              "title": "Pressed first post and back to Posts test in zh-tw",
              "fullTitle": "PostsPage Suite Pressed first post and back to Posts test in zh-tw",
              "timedOut": null,
              "duration": 389,
              "state": "passed",
              "speed": "fast",
              "pass": true,
              "fail": false,
              "pending": false,
              "context": null,
              "code": "postsPage.navigate('/zh-tw/posts');\ncy.get(this.blogpostspage.firstPost).invoke('attr', 'href').then(href => {\n    let getFirstPosthref = href;\n    postsPage.clickButton(this.blogpostspage.firstPost);\n    cy.url().should('include', getFirstPosthref);\n});\npostsPage.clickButton(this.blogpostspage.backPosts_zhtw);\npostsPage.verifyUrl(this.blogpostspage.baseUrl + '/zh-tw/posts/');",
              "err": {},
              "uuid": "220ad86f-f241-4691-9cc9-d93bdc381a66",
              "parentUUID": "8be32b92-b6e9-420a-9b19-546a7338c891",
              "isHook": false,
              "skipped": false
            },
            {
              "title": "Testing next and prev page button in zh-tw",
              "fullTitle": "PostsPage Suite Testing next and prev page button in zh-tw",
              "timedOut": null,
              "duration": 342,
              "state": "passed",
              "speed": "fast",
              "pass": true,
              "fail": false,
              "pending": false,
              "context": null,
              "code": "postsPage.navigate('/zh-tw/posts');\npostsPage.clickButton(this.blogpostspage.nextPage);\npostsPage.verifyUrl(this.blogpostspage.baseUrl + '/zh-tw/posts/page/2/');\npostsPage.clickButton(this.blogpostspage.prevPage);\npostsPage.verifyUrl(this.blogpostspage.baseUrl + '/zh-tw/posts/');",
              "err": {},
              "uuid": "5c1063fd-190d-4704-b388-f2d0f0c4e576",
              "parentUUID": "8be32b92-b6e9-420a-9b19-546a7338c891",
              "isHook": false,
              "skipped": false
            },
            {
              "title": "Redirect to another Subpages testing use menu button in zh-tw",
              "fullTitle": "PostsPage Suite Redirect to another Subpages testing use menu button in zh-tw",
              "timedOut": null,
              "duration": 997,
              "state": "passed",
              "speed": "fast",
              "pass": true,
              "fail": false,
              "pending": false,
              "context": null,
              "code": "let indexCount = 0;\ncy.wrap(this.blogpostspage.postsPagesList_en).each((index) => {\n    postsPage.navigate('/zh-tw/posts');\n    let pageName = 'this.blogpostspage.' + index;\n    postsPage.clickButton(eval(pageName));\n    if (index.toString() === 'Categories') {\n        let containValue = 'Categories';\n        cy.log(containValue);\n        postsPage.verifySelectorContain('h1', containValue);\n        cy.url().should('includes', this.blogpostspage.baseUrl_zhtw + containValue.toLocaleLowerCase());\n        indexCount += 1;\n    }\n    else {\n        cy.log(this.blogpostspage.postsPagesList_zhtw[indexCount]);\n        postsPage.verifySelectorContain('h1', this.blogpostspage.postsPagesList_zhtw[indexCount].toString());\n        cy.url().should('includes', this.blogpostspage.baseUrl_zhtw + this.blogpostspage.postsPagesList_en[indexCount].toString().toLocaleLowerCase());\n        indexCount += 1;\n    }\n});",
              "err": {},
              "uuid": "8b6b3d44-42c4-40a0-bcc9-aab68c89d1a1",
              "parentUUID": "8be32b92-b6e9-420a-9b19-546a7338c891",
              "isHook": false,
              "skipped": false
            },
            {
              "title": "Use post translations button test in zh-tw",
              "fullTitle": "PostsPage Suite Use post translations button test in zh-tw",
              "timedOut": null,
              "duration": 472,
              "state": "passed",
              "speed": "fast",
              "pass": true,
              "fail": false,
              "pending": false,
              "context": null,
              "code": "postsPage.navigate('/zh-tw/2022/02/markdown-%E7%AD%86%E8%A8%98-%E5%9F%BA%E6%9C%AC%E8%AA%9E%E6%B3%95%E4%BD%BF%E7%94%A8/');\npostsPage.verifyButtonContain(this.blogpostspage.translationsButton, '/2022/02/markdown-');\npostsPage.clickButton(this.blogpostspage.translationsButton);\npostsPage.verifyUrl(this.blogpostspage.baseUrl);",
              "err": {},
              "uuid": "5943fafd-2cd3-4f0d-85b1-e6990c89b472",
              "parentUUID": "8be32b92-b6e9-420a-9b19-546a7338c891",
              "isHook": false,
              "skipped": false
            },
            {
              "title": "Use Language button test in zh-tw",
              "fullTitle": "PostsPage Suite Use Language button test in zh-tw",
              "timedOut": null,
              "duration": 241,
              "state": "passed",
              "speed": "fast",
              "pass": true,
              "fail": false,
              "pending": false,
              "context": null,
              "code": "postsPage.navigate('/zh-tw/posts');\npostsPage.verifyButtonContain(this.blogpostspage.Language, '/');\npostsPage.clickButton(this.blogpostspage.Language);\npostsPage.verifyUrl(this.blogpostspage.baseUrl);",
              "err": {},
              "uuid": "b9e1570f-cd8b-4f6d-bbb4-b11d6f512f93",
              "parentUUID": "8be32b92-b6e9-420a-9b19-546a7338c891",
              "isHook": false,
              "skipped": false
            }
          ],
          "suites": [],
          "passes": [
            "42fefb66-35f9-4f22-a53a-7d5a7319ae39",
            "5cd394db-bdf7-457a-8cad-7eac216d5902",
            "4af88e24-7305-4dde-979c-1fdcb4ef2d27",
            "11b83668-aa5d-4503-89a7-145d2a3947e6",
            "29a99e96-5d5e-40cb-ac23-7a302ade9778",
            "25064cbc-02c1-4872-bd58-92f4dbc39952",
            "c61154ce-e751-45b1-abff-6344baf68258",
            "b0fbc49a-70ad-41fb-9d3e-652ca66e7550",
            "06c4fd18-4e7b-4dce-935c-7ec569c65ed7",
            "9931d654-c3c2-4fb5-a7c8-b81037c72c0f",
            "82e935b2-d19e-49ab-945c-b4613d1ffe85",
            "82c93ab6-0f2b-4541-b8c1-276e948cf242",
            "135c17a7-a9be-4cf3-b070-54e2d428efdb",
            "ab49713c-d81e-4bbf-8e21-e1bff25d8a9d",
            "56f169c8-458a-463e-b46a-7c7aa5ff8c1b",
            "cab84dab-7185-42e0-b458-917deda37e80",
            "b9537890-31ad-4be0-87b8-a2529a9836e5",
            "220ad86f-f241-4691-9cc9-d93bdc381a66",
            "5c1063fd-190d-4704-b388-f2d0f0c4e576",
            "8b6b3d44-42c4-40a0-bcc9-aab68c89d1a1",
            "5943fafd-2cd3-4f0d-85b1-e6990c89b472",
            "b9e1570f-cd8b-4f6d-bbb4-b11d6f512f93"
          ],
          "failures": [],
          "pending": [],
          "skipped": [],
          "duration": 10464,
          "root": false,
          "rootEmpty": false,
          "_timeout": 2000
        }
      ],
      "passes": [],
      "failures": [],
      "pending": [],
      "skipped": [],
      "duration": 0,
      "root": true,
      "rootEmpty": true,
      "_timeout": 2000
    }
  ],
  "meta": {
    "mocha": {
      "version": "7.0.1"
    },
    "mochawesome": {
      "options": {
        "quiet": false,
        "reportFilename": "mochawesome",
        "saveHtml": false,
        "saveJson": true,
        "consoleReporter": "spec",
        "useInlineDiffs": false,
        "code": true
      },
      "version": "7.0.1"
    },
    "marge": {
      "options": {
        "charts": true,
        "overwrite": false,
        "html": false,
        "json": true,
        "reportDir": "cypress/reports"
      },
      "version": "6.1.1"
    }
  }
}