{
  "stats": {
    "suites": 1,
    "tests": 16,
    "passes": 16,
    "pending": 0,
    "failures": 0,
    "start": "2022-04-01T09:55:28.799Z",
    "end": "2022-04-01T09:55:34.576Z",
    "duration": 5777,
    "testsRegistered": 16,
    "passPercent": 100,
    "pendingPercent": 0,
    "other": 0,
    "hasOther": false,
    "skipped": 0,
    "hasSkipped": false
  },
  "results": [
    {
      "uuid": "9c8a2b32-8206-4c87-b102-6eb353c577c7",
      "title": "",
      "fullFile": "cypress/integration/categoriespage.ts",
      "file": "cypress/integration/categoriespage.ts",
      "beforeHooks": [],
      "afterHooks": [],
      "tests": [],
      "suites": [
        {
          "uuid": "7f1f131c-492d-4044-ab72-7c082d5f02b4",
          "title": "Categories Suite",
          "fullFile": "",
          "file": "",
          "beforeHooks": [],
          "afterHooks": [],
          "tests": [
            {
              "title": "Use Logo button to Homepage test in en",
              "fullTitle": "Categories Suite Use Logo button to Homepage test in en",
              "timedOut": null,
              "duration": 401,
              "state": "passed",
              "speed": "fast",
              "pass": true,
              "fail": false,
              "pending": false,
              "context": null,
              "code": "postsPage.navigate('/categories');\npostsPage.verifyUrl('/categories');\npostsPage.verifyButtonContain(this.blogpostspage.LogoButton, this.blogpostspage.baseUrl);\npostsPage.clickButton(this.blogpostspage.LogoButton);\npostsPage.verifyUrl(this.blogpostspage.baseUrl);",
              "err": {},
              "uuid": "3ed51ab7-7848-4777-9466-22f874f5dcbb",
              "parentUUID": "7f1f131c-492d-4044-ab72-7c082d5f02b4",
              "isHook": false,
              "skipped": false
            },
            {
              "title": "Check headings in en",
              "fullTitle": "Categories Suite Check headings in en",
              "timedOut": null,
              "duration": 132,
              "state": "passed",
              "speed": "fast",
              "pass": true,
              "fail": false,
              "pending": false,
              "context": null,
              "code": "postsPage.navigate('/categories');\ncy.get('h1').should('contain.text', 'Categories');",
              "err": {},
              "uuid": "23a30c74-607e-4cc7-892d-0418e0b359e9",
              "parentUUID": "7f1f131c-492d-4044-ab72-7c082d5f02b4",
              "isHook": false,
              "skipped": false
            },
            {
              "title": "Check basic category in en",
              "fullTitle": "Categories Suite Check basic category in en",
              "timedOut": null,
              "duration": 99,
              "state": "passed",
              "speed": "fast",
              "pass": true,
              "fail": false,
              "pending": false,
              "context": null,
              "code": "postsPage.navigate('/categories');\ncy.get('.terms-tags').find('a').contains('Basic');",
              "err": {},
              "uuid": "c6d3bf7d-8137-43a4-aeac-71abaf44d043",
              "parentUUID": "7f1f131c-492d-4044-ab72-7c082d5f02b4",
              "isHook": false,
              "skipped": false
            },
            {
              "title": "Check the category posts count in en",
              "fullTitle": "Categories Suite Check the category posts count in en",
              "timedOut": null,
              "duration": 210,
              "state": "passed",
              "speed": "fast",
              "pass": true,
              "fail": false,
              "pending": false,
              "context": null,
              "code": "postsPage.navigate('/categories');\ncy.get('#top > main > ul > li:nth-child(1) > a > sup > strong > sup').invoke('text').then(parseFloat).then(categoryCount => {\n    cy.get('#top > main > ul > li:nth-child(1) > a').invoke('text').then(categoryName => {\n        cy.log('categoryCount', categoryCount);\n        cy.get('.terms-tags > :nth-child(1) > a').click();\n        let categoryHeadings = categoryName.replace(/[\\s\\d+]/g, '');\n        cy.get('h1').should('contain.text', categoryHeadings);\n        cy.get('.entry-link').should('have.length', categoryCount);\n        cy.url().should('include', categoryHeadings.toLocaleLowerCase());\n    });\n});",
              "err": {},
              "uuid": "5878f959-0688-49c1-9157-a1c0f48794e2",
              "parentUUID": "7f1f131c-492d-4044-ab72-7c082d5f02b4",
              "isHook": false,
              "skipped": false
            },
            {
              "title": "Check from a category page to a post in en",
              "fullTitle": "Categories Suite Check from a category page to a post in en",
              "timedOut": null,
              "duration": 530,
              "state": "passed",
              "speed": "fast",
              "pass": true,
              "fail": false,
              "pending": false,
              "context": null,
              "code": "postsPage.navigate('/categories');\ncy.get('.terms-tags > :nth-child(1) > a').click();\ncy.get('.entry-header').invoke('text').then(header => {\n    cy.get('.entry-link').first().click();\n    cy.get('.post-title').invoke('text').should('include', header);\n});",
              "err": {},
              "uuid": "248563e7-5d20-46fa-b8e0-a7bb78b84ce1",
              "parentUUID": "7f1f131c-492d-4044-ab72-7c082d5f02b4",
              "isHook": false,
              "skipped": false
            },
            {
              "title": "Check back to categories page from a category page in en",
              "fullTitle": "Categories Suite Check back to categories page from a category page in en",
              "timedOut": null,
              "duration": 258,
              "state": "passed",
              "speed": "fast",
              "pass": true,
              "fail": false,
              "pending": false,
              "context": null,
              "code": "postsPage.navigate('/categories');\ncy.get('.terms-tags > :nth-child(1) > a').click();\ncy.get('.breadcrumbs > [href=\"http://localhost:1313/categories/\"]').click();\ncy.url().should('include', 'categories');",
              "err": {},
              "uuid": "507a00d3-794e-4d94-bbe1-a54fac44e9d3",
              "parentUUID": "7f1f131c-492d-4044-ab72-7c082d5f02b4",
              "isHook": false,
              "skipped": false
            },
            {
              "title": "Check back to home page from a category page in en",
              "fullTitle": "Categories Suite Check back to home page from a category page in en",
              "timedOut": null,
              "duration": 333,
              "state": "passed",
              "speed": "fast",
              "pass": true,
              "fail": false,
              "pending": false,
              "context": null,
              "code": "postsPage.navigate('/categories');\ncy.get('.terms-tags > :nth-child(1) > a').click();\ncy.get('.breadcrumbs > [href=\"http://localhost:1313/\"]').click();\npostsPage.verifyUrl(this.blogpostspage.baseUrl);",
              "err": {},
              "uuid": "713e0814-e975-47eb-8f62-f7618f6edbed",
              "parentUUID": "7f1f131c-492d-4044-ab72-7c082d5f02b4",
              "isHook": false,
              "skipped": false
            },
            {
              "title": "Redirect to another Subpages testing use menu button in en",
              "fullTitle": "Categories Suite Redirect to another Subpages testing use menu button in en",
              "timedOut": null,
              "duration": 969,
              "state": "passed",
              "speed": "fast",
              "pass": true,
              "fail": false,
              "pending": false,
              "context": null,
              "code": "cy.wrap(this.blogpostspage.categoriesPagesList_en).each((index) => {\n    postsPage.navigate('/categories');\n    let pageName = 'this.blogpostspage.' + index;\n    postsPage.clickButton(eval(pageName));\n    postsPage.verifySelectorContain('h1', index.toString());\n    postsPage.verifyUrl(index.toString().toLocaleLowerCase());\n});",
              "err": {},
              "uuid": "cb42880e-38cd-4b14-b43e-54d41f03ffe3",
              "parentUUID": "7f1f131c-492d-4044-ab72-7c082d5f02b4",
              "isHook": false,
              "skipped": false
            },
            {
              "title": "Use Logo button to Homepage test in zh-tw",
              "fullTitle": "Categories Suite Use Logo button to Homepage test in zh-tw",
              "timedOut": null,
              "duration": 245,
              "state": "passed",
              "speed": "fast",
              "pass": true,
              "fail": false,
              "pending": false,
              "context": null,
              "code": "postsPage.navigate('/zh-tw/categories');\npostsPage.verifyUrl('/zh-tw/categories');\npostsPage.verifyButtonContain(this.blogpostspage.LogoButton, this.blogpostspage.baseUrl);\npostsPage.clickButton(this.blogpostspage.LogoButton);\npostsPage.verifyUrl(this.blogpostspage.baseUrl + this.blogpostspage.baseUrl_zhtw);",
              "err": {},
              "uuid": "9a1c8f74-b160-4be2-9c97-54709d53dc74",
              "parentUUID": "7f1f131c-492d-4044-ab72-7c082d5f02b4",
              "isHook": false,
              "skipped": false
            },
            {
              "title": "Check headings in zh-tw",
              "fullTitle": "Categories Suite Check headings in zh-tw",
              "timedOut": null,
              "duration": 126,
              "state": "passed",
              "speed": "fast",
              "pass": true,
              "fail": false,
              "pending": false,
              "context": null,
              "code": "postsPage.navigate('/zh-tw/categories');\ncy.get('h1').should('contain.text', 'Categories');",
              "err": {},
              "uuid": "56c912d7-5e45-49c7-a5b1-66b139a274f7",
              "parentUUID": "7f1f131c-492d-4044-ab72-7c082d5f02b4",
              "isHook": false,
              "skipped": false
            },
            {
              "title": "Check basic category in zh-tw",
              "fullTitle": "Categories Suite Check basic category in zh-tw",
              "timedOut": null,
              "duration": 113,
              "state": "passed",
              "speed": "fast",
              "pass": true,
              "fail": false,
              "pending": false,
              "context": null,
              "code": "postsPage.navigate('/zh-tw/categories');\ncy.get('.terms-tags').find('a').contains('開箱');",
              "err": {},
              "uuid": "d2470930-05e2-412f-b3a7-7a844444a3d0",
              "parentUUID": "7f1f131c-492d-4044-ab72-7c082d5f02b4",
              "isHook": false,
              "skipped": false
            },
            {
              "title": "Check the category posts count in zh-tw",
              "fullTitle": "Categories Suite Check the category posts count in zh-tw",
              "timedOut": null,
              "duration": 233,
              "state": "passed",
              "speed": "fast",
              "pass": true,
              "fail": false,
              "pending": false,
              "context": null,
              "code": "postsPage.navigate('/zh-tw/categories');\ncy.get('#top > main > ul > li:nth-child(1) > a > sup > strong > sup').invoke('text').then(parseFloat).then(categoryCount => {\n    cy.get('#top > main > ul > li:nth-child(1) > a').invoke('text').then(categoryName => {\n        cy.log('categoryCount', categoryCount);\n        cy.get('.terms-tags > :nth-child(1) > a').click();\n        let categoryHeadings = categoryName.replace(/[\\s\\d+]/g, '');\n        cy.get('h1').should('contain.text', categoryHeadings);\n        cy.get('.entry-link').should('have.length', categoryCount);\n        cy.url().should('include', categoryHeadings.toLocaleLowerCase());\n    });\n});",
              "err": {},
              "uuid": "091ed14b-b489-40dc-8e77-1fa49bd5c1af",
              "parentUUID": "7f1f131c-492d-4044-ab72-7c082d5f02b4",
              "isHook": false,
              "skipped": false
            },
            {
              "title": "Check from a category page to a post in zh-tw",
              "fullTitle": "Categories Suite Check from a category page to a post in zh-tw",
              "timedOut": null,
              "duration": 321,
              "state": "passed",
              "speed": "fast",
              "pass": true,
              "fail": false,
              "pending": false,
              "context": null,
              "code": "postsPage.navigate('/zh-tw/categories');\ncy.get('.terms-tags > :nth-child(1) > a').click();\ncy.get('.entry-header').invoke('text').then(header => {\n    cy.get('.entry-link').first().click();\n    cy.get('.post-title').invoke('text').should('include', header);\n});",
              "err": {},
              "uuid": "11175e7a-b991-4b98-b148-4f86d6460994",
              "parentUUID": "7f1f131c-492d-4044-ab72-7c082d5f02b4",
              "isHook": false,
              "skipped": false
            },
            {
              "title": "Check back to categories page from a category page in zh-tw",
              "fullTitle": "Categories Suite Check back to categories page from a category page in zh-tw",
              "timedOut": null,
              "duration": 302,
              "state": "passed",
              "speed": "fast",
              "pass": true,
              "fail": false,
              "pending": false,
              "context": null,
              "code": "postsPage.navigate('/zh-tw/categories');\ncy.get('.terms-tags > :nth-child(1) > a').click();\ncy.get('.breadcrumbs > [href=\"http://localhost:1313/zh-tw/categories/\"]').click();\ncy.url().should('include', '/zh-tw/categories');",
              "err": {},
              "uuid": "30aef8f3-0077-452f-8df7-d5b647a102ab",
              "parentUUID": "7f1f131c-492d-4044-ab72-7c082d5f02b4",
              "isHook": false,
              "skipped": false
            },
            {
              "title": "Check back to home page from a category page in zh-tw",
              "fullTitle": "Categories Suite Check back to home page from a category page in zh-tw",
              "timedOut": null,
              "duration": 286,
              "state": "passed",
              "speed": "fast",
              "pass": true,
              "fail": false,
              "pending": false,
              "context": null,
              "code": "postsPage.navigate('/zh-tw/categories');\ncy.get('.terms-tags > :nth-child(1) > a').click();\ncy.get('.breadcrumbs > [href=\"http://localhost:1313/zh-tw/\"]').click();\npostsPage.verifyUrl(this.blogpostspage.baseUrl + '/zh-tw/');",
              "err": {},
              "uuid": "f7d53483-42ee-4358-a71b-0a3b5302b2dd",
              "parentUUID": "7f1f131c-492d-4044-ab72-7c082d5f02b4",
              "isHook": false,
              "skipped": false
            },
            {
              "title": "Redirect to another Subpages testing use menu button in zh-tw",
              "fullTitle": "Categories Suite Redirect to another Subpages testing use menu button in zh-tw",
              "timedOut": null,
              "duration": 1030,
              "state": "passed",
              "speed": "fast",
              "pass": true,
              "fail": false,
              "pending": false,
              "context": null,
              "code": "let indexCount = 0;\ncy.wrap(this.blogpostspage.categoriesPagesList_en).each((index) => {\n    postsPage.navigate('/zh-tw/categories');\n    let pageName = 'this.blogpostspage.' + index;\n    postsPage.clickButton(eval(pageName));\n    cy.log(this.blogpostspage.categoriesPagesList_zhtw[indexCount]);\n    postsPage.verifySelectorContain('h1', this.blogpostspage.categoriesPagesList_zhtw[indexCount].toString());\n    cy.url().should('includes', this.blogpostspage.baseUrl_zhtw + this.blogpostspage.categoriesPagesList_en[indexCount].toString().toLocaleLowerCase());\n    indexCount += 1;\n});",
              "err": {},
              "uuid": "80805401-6f80-4773-bd07-92505028283d",
              "parentUUID": "7f1f131c-492d-4044-ab72-7c082d5f02b4",
              "isHook": false,
              "skipped": false
            }
          ],
          "suites": [],
          "passes": [
            "3ed51ab7-7848-4777-9466-22f874f5dcbb",
            "23a30c74-607e-4cc7-892d-0418e0b359e9",
            "c6d3bf7d-8137-43a4-aeac-71abaf44d043",
            "5878f959-0688-49c1-9157-a1c0f48794e2",
            "248563e7-5d20-46fa-b8e0-a7bb78b84ce1",
            "507a00d3-794e-4d94-bbe1-a54fac44e9d3",
            "713e0814-e975-47eb-8f62-f7618f6edbed",
            "cb42880e-38cd-4b14-b43e-54d41f03ffe3",
            "9a1c8f74-b160-4be2-9c97-54709d53dc74",
            "56c912d7-5e45-49c7-a5b1-66b139a274f7",
            "d2470930-05e2-412f-b3a7-7a844444a3d0",
            "091ed14b-b489-40dc-8e77-1fa49bd5c1af",
            "11175e7a-b991-4b98-b148-4f86d6460994",
            "30aef8f3-0077-452f-8df7-d5b647a102ab",
            "f7d53483-42ee-4358-a71b-0a3b5302b2dd",
            "80805401-6f80-4773-bd07-92505028283d"
          ],
          "failures": [],
          "pending": [],
          "skipped": [],
          "duration": 5588,
          "root": false,
          "rootEmpty": false,
          "_timeout": 2000
        }
      ],
      "passes": [],
      "failures": [],
      "pending": [],
      "skipped": [],
      "duration": 0,
      "root": true,
      "rootEmpty": true,
      "_timeout": 2000
    }
  ],
  "meta": {
    "mocha": {
      "version": "7.0.1"
    },
    "mochawesome": {
      "options": {
        "quiet": false,
        "reportFilename": "mochawesome",
        "saveHtml": false,
        "saveJson": true,
        "consoleReporter": "spec",
        "useInlineDiffs": false,
        "code": true
      },
      "version": "7.1.2"
    },
    "marge": {
      "options": {
        "charts": true,
        "overwrite": false,
        "html": false,
        "json": true,
        "reportDir": "cypress/reports"
      },
      "version": "6.1.1"
    }
  }
}