{
  "stats": {
    "suites": 1,
    "tests": 22,
    "passes": 22,
    "pending": 0,
    "failures": 0,
    "start": "2022-03-24T22:37:13.098Z",
    "end": "2022-03-24T22:37:23.530Z",
    "duration": 10432,
    "testsRegistered": 22,
    "passPercent": 100,
    "pendingPercent": 0,
    "other": 0,
    "hasOther": false,
    "skipped": 0,
    "hasSkipped": false
  },
  "results": [
    {
      "uuid": "0bad26f6-7a18-410e-8483-bfdb05e6bd7a",
      "title": "",
      "fullFile": "cypress/integration/postspage.ts",
      "file": "cypress/integration/postspage.ts",
      "beforeHooks": [],
      "afterHooks": [],
      "tests": [],
      "suites": [
        {
          "uuid": "4a223fc5-331f-4cad-a116-d885b03f581d",
          "title": "PostsPage Suite",
          "fullFile": "",
          "file": "",
          "beforeHooks": [],
          "afterHooks": [],
          "tests": [
            {
              "title": "Use Home button to Homepage test in en",
              "fullTitle": "PostsPage Suite Use Home button to Homepage test in en",
              "timedOut": null,
              "duration": 429,
              "state": "passed",
              "speed": "fast",
              "pass": true,
              "fail": false,
              "pending": false,
              "context": null,
              "code": "postsPage.navigate('/posts');\npostsPage.verifyButtonContain(this.blogpostspage.homeButton, this.blogpostspage.baseUrl);\npostsPage.clickButton(this.blogpostspage.homeButton);\npostsPage.verifyUrl(this.blogpostspage.baseUrl);",
              "err": {},
              "uuid": "4ffa1898-7f65-4cdc-9e33-4512064ded42",
              "parentUUID": "4a223fc5-331f-4cad-a116-d885b03f581d",
              "isHook": false,
              "skipped": false
            },
            {
              "title": "At a post use Home button to Homepage test in en",
              "fullTitle": "PostsPage Suite At a post use Home button to Homepage test in en",
              "timedOut": null,
              "duration": 534,
              "state": "passed",
              "speed": "fast",
              "pass": true,
              "fail": false,
              "pending": false,
              "context": null,
              "code": "postsPage.navigate('/posts');\npostsPage.clickButton(this.blogpostspage.firstPost);\npostsPage.verifyButtonContain(this.blogpostspage.homeButtonInPost, this.blogpostspage.baseUrl);\npostsPage.clickButton(this.blogpostspage.homeButtonInPost);\npostsPage.verifyUrl(this.blogpostspage.baseUrl);",
              "err": {},
              "uuid": "17aa7fbf-4221-4ebb-938a-624799c3278c",
              "parentUUID": "4a223fc5-331f-4cad-a116-d885b03f581d",
              "isHook": false,
              "skipped": false
            },
            {
              "title": "Use Logo button to Homepage test in en",
              "fullTitle": "PostsPage Suite Use Logo button to Homepage test in en",
              "timedOut": null,
              "duration": 275,
              "state": "passed",
              "speed": "fast",
              "pass": true,
              "fail": false,
              "pending": false,
              "context": null,
              "code": "postsPage.navigate('/posts');\npostsPage.verifyButtonContain(this.blogpostspage.LogoButton, this.blogpostspage.baseUrl);\npostsPage.clickButton(this.blogpostspage.LogoButton);\npostsPage.verifyUrl(this.blogpostspage.baseUrl);",
              "err": {},
              "uuid": "bc69a769-5c3c-402f-af41-83976cd431c6",
              "parentUUID": "4a223fc5-331f-4cad-a116-d885b03f581d",
              "isHook": false,
              "skipped": false
            },
            {
              "title": "At a post use Logo button to Homepage test in en",
              "fullTitle": "PostsPage Suite At a post use Logo button to Homepage test in en",
              "timedOut": null,
              "duration": 472,
              "state": "passed",
              "speed": "fast",
              "pass": true,
              "fail": false,
              "pending": false,
              "context": null,
              "code": "postsPage.navigate('/posts');\npostsPage.clickButton(this.blogpostspage.firstPost);\npostsPage.verifyButtonContain(this.blogpostspage.LogoButton, this.blogpostspage.baseUrl);\npostsPage.clickButton(this.blogpostspage.LogoButton);\npostsPage.verifyUrl(this.blogpostspage.baseUrl);",
              "err": {},
              "uuid": "e0dfb505-593f-47c1-925d-d866e9a9f4ec",
              "parentUUID": "4a223fc5-331f-4cad-a116-d885b03f581d",
              "isHook": false,
              "skipped": false
            },
            {
              "title": "At a post use Next Page button to Next Post test in en",
              "fullTitle": "PostsPage Suite At a post use Next Page button to Next Post test in en",
              "timedOut": null,
              "duration": 700,
              "state": "passed",
              "speed": "fast",
              "pass": true,
              "fail": false,
              "pending": false,
              "context": null,
              "code": "postsPage.navigate('/posts');\npostsPage.clickButton(this.blogpostspage.firstPost);\npostsPage.verifyButtonContain(this.blogpostspage.nextPage, 'next', 'class');\npostsPage.clickButton(this.blogpostspage.nextPage);\npostsPage.verifyButtonContain(this.blogpostspage.prevPage, 'prev', 'class');\npostsPage.verifyButtonContain(this.blogpostspage.nextPage, 'next', 'class');",
              "err": {},
              "uuid": "d1a1d2c7-3513-4517-8f8f-ea660f824819",
              "parentUUID": "4a223fc5-331f-4cad-a116-d885b03f581d",
              "isHook": false,
              "skipped": false
            },
            {
              "title": "At a post use Prev Page button to Prev Post test in en",
              "fullTitle": "PostsPage Suite At a post use Prev Page button to Prev Post test in en",
              "timedOut": null,
              "duration": 664,
              "state": "passed",
              "speed": "fast",
              "pass": true,
              "fail": false,
              "pending": false,
              "context": null,
              "code": "postsPage.navigate('/posts');\npostsPage.clickButton(this.blogpostspage.firstPost);\npostsPage.verifyButtonContain(this.blogpostspage.nextPage, 'next', 'class');\npostsPage.clickButton(this.blogpostspage.nextPage);\npostsPage.verifyButtonContain(this.blogpostspage.prevPage, 'prev', 'class');\npostsPage.clickButton(this.blogpostspage.prevPage);\npostsPage.verifyNotExists(this.blogpostspage.prevPage);\npostsPage.verifyButtonContain(this.blogpostspage.nextPage, 'next', 'class');",
              "err": {},
              "uuid": "9b39653c-58b5-4bca-9228-95d7b7eeb867",
              "parentUUID": "4a223fc5-331f-4cad-a116-d885b03f581d",
              "isHook": false,
              "skipped": false
            },
            {
              "title": "Pressed first post and back to Posts test in en",
              "fullTitle": "PostsPage Suite Pressed first post and back to Posts test in en",
              "timedOut": null,
              "duration": 378,
              "state": "passed",
              "speed": "fast",
              "pass": true,
              "fail": false,
              "pending": false,
              "context": null,
              "code": "postsPage.navigate('/posts');\ncy.get(this.blogpostspage.firstPost).invoke('attr', 'href').then(href => {\n    let getFirstPosthref = href;\n    postsPage.clickButton(this.blogpostspage.firstPost);\n    cy.url().should('include', getFirstPosthref);\n});\npostsPage.clickButton(this.blogpostspage.backPosts);\npostsPage.verifyUrl(this.blogpostspage.baseUrl + '/posts/');",
              "err": {},
              "uuid": "29f8e665-3600-4b6c-bec1-1e8a18534a8c",
              "parentUUID": "4a223fc5-331f-4cad-a116-d885b03f581d",
              "isHook": false,
              "skipped": false
            },
            {
              "title": "Testing next and prev page button in en",
              "fullTitle": "PostsPage Suite Testing next and prev page button in en",
              "timedOut": null,
              "duration": 310,
              "state": "passed",
              "speed": "fast",
              "pass": true,
              "fail": false,
              "pending": false,
              "context": null,
              "code": "postsPage.navigate('/posts');\npostsPage.clickButton(this.blogpostspage.nextPage);\npostsPage.verifyUrl(this.blogpostspage.baseUrl + '/posts/page/2/');\npostsPage.clickButton(this.blogpostspage.prevPage);\npostsPage.verifyUrl(this.blogpostspage.baseUrl + '/posts/');",
              "err": {},
              "uuid": "53e0e89e-fb73-44f8-91e7-5976a04448f7",
              "parentUUID": "4a223fc5-331f-4cad-a116-d885b03f581d",
              "isHook": false,
              "skipped": false
            },
            {
              "title": "Redirect to another Subpages testing use menu button in en",
              "fullTitle": "PostsPage Suite Redirect to another Subpages testing use menu button in en",
              "timedOut": null,
              "duration": 958,
              "state": "passed",
              "speed": "fast",
              "pass": true,
              "fail": false,
              "pending": false,
              "context": null,
              "code": "cy.wrap(this.blogpostspage.postsPagesList_en).each((index) => {\n    postsPage.navigate('/posts');\n    let pageName = 'this.blogpostspage.' + index;\n    postsPage.clickButton(eval(pageName));\n    postsPage.verifySelectorContain('h1', index.toString());\n    postsPage.verifyUrl(index.toString().toLocaleLowerCase());\n});",
              "err": {},
              "uuid": "5caeb628-791e-4c16-a96e-2862c8519d2c",
              "parentUUID": "4a223fc5-331f-4cad-a116-d885b03f581d",
              "isHook": false,
              "skipped": false
            },
            {
              "title": "Use post translations button test in en",
              "fullTitle": "PostsPage Suite Use post translations button test in en",
              "timedOut": null,
              "duration": 505,
              "state": "passed",
              "speed": "fast",
              "pass": true,
              "fail": false,
              "pending": false,
              "context": null,
              "code": "postsPage.navigate('/2022/02/markdown-basic-systax/');\npostsPage.verifyButtonContain(this.blogpostspage.translationsButton, '/zh-tw/2022/02/markdown-');\npostsPage.clickButton(this.blogpostspage.translationsButton);\npostsPage.verifyUrl(this.blogpostspage.baseUrl_zhtw);",
              "err": {},
              "uuid": "8736f3da-7560-4ec5-a997-c5e02281ac63",
              "parentUUID": "4a223fc5-331f-4cad-a116-d885b03f581d",
              "isHook": false,
              "skipped": false
            },
            {
              "title": "Use Language button test in en",
              "fullTitle": "PostsPage Suite Use Language button test in en",
              "timedOut": null,
              "duration": 222,
              "state": "passed",
              "speed": "fast",
              "pass": true,
              "fail": false,
              "pending": false,
              "context": null,
              "code": "postsPage.navigate('/posts');\npostsPage.verifyButtonContain(this.blogpostspage.Language, '/zh-tw/');\npostsPage.clickButton(this.blogpostspage.Language);\npostsPage.verifyUrl(this.blogpostspage.baseUrl + '/zh-tw/');",
              "err": {},
              "uuid": "de0099eb-d8fd-43da-b874-be5eb04e216a",
              "parentUUID": "4a223fc5-331f-4cad-a116-d885b03f581d",
              "isHook": false,
              "skipped": false
            },
            {
              "title": "Use Home button to Homepage test in zh-tw",
              "fullTitle": "PostsPage Suite Use Home button to Homepage test in zh-tw",
              "timedOut": null,
              "duration": 350,
              "state": "passed",
              "speed": "fast",
              "pass": true,
              "fail": false,
              "pending": false,
              "context": null,
              "code": "postsPage.navigate('/zh-tw/posts');\npostsPage.verifyButtonContain(this.blogpostspage.homeButton, this.blogpostspage.baseUrl_zhtw);\npostsPage.clickButton(this.blogpostspage.homeButton);\npostsPage.verifyUrl(this.blogpostspage.baseUrl_zhtw);",
              "err": {},
              "uuid": "30b620ce-9e17-4cab-b90f-8cf507cfc2fb",
              "parentUUID": "4a223fc5-331f-4cad-a116-d885b03f581d",
              "isHook": false,
              "skipped": false
            },
            {
              "title": "At a post use Home button to Homepage test in zh-tw",
              "fullTitle": "PostsPage Suite At a post use Home button to Homepage test in zh-tw",
              "timedOut": null,
              "duration": 451,
              "state": "passed",
              "speed": "fast",
              "pass": true,
              "fail": false,
              "pending": false,
              "context": null,
              "code": "postsPage.navigate('/zh-tw/posts');\npostsPage.clickButton(this.blogpostspage.firstPost);\npostsPage.verifyButtonContain(this.blogpostspage.homeButtonInPost_zhtw, this.blogpostspage.baseUrl_zhtw);\npostsPage.clickButton(this.blogpostspage.homeButtonInPost_zhtw);\npostsPage.verifyUrl(this.blogpostspage.baseUrl_zhtw);",
              "err": {},
              "uuid": "aae34633-8e86-40f5-8257-bce6a9c7963c",
              "parentUUID": "4a223fc5-331f-4cad-a116-d885b03f581d",
              "isHook": false,
              "skipped": false
            },
            {
              "title": "Use Logo button to Homepage test in zh-tw",
              "fullTitle": "PostsPage Suite Use Logo button to Homepage test in zh-tw",
              "timedOut": null,
              "duration": 221,
              "state": "passed",
              "speed": "fast",
              "pass": true,
              "fail": false,
              "pending": false,
              "context": null,
              "code": "postsPage.navigate('/zh-tw/posts');\npostsPage.verifyButtonContain(this.blogpostspage.LogoButton, this.blogpostspage.baseUrl_zhtw);\npostsPage.clickButton(this.blogpostspage.LogoButton);\npostsPage.verifyUrl(this.blogpostspage.baseUrl_zhtw);",
              "err": {},
              "uuid": "a79417d9-5f3c-4f6a-a272-a074a21b3095",
              "parentUUID": "4a223fc5-331f-4cad-a116-d885b03f581d",
              "isHook": false,
              "skipped": false
            },
            {
              "title": "At a post use Logo button to Homepage test in zh-tw",
              "fullTitle": "PostsPage Suite At a post use Logo button to Homepage test in zh-tw",
              "timedOut": null,
              "duration": 379,
              "state": "passed",
              "speed": "fast",
              "pass": true,
              "fail": false,
              "pending": false,
              "context": null,
              "code": "postsPage.navigate('/zh-tw/posts');\npostsPage.clickButton(this.blogpostspage.firstPost);\npostsPage.verifyButtonContain(this.blogpostspage.LogoButton, this.blogpostspage.baseUrl_zhtw);\npostsPage.clickButton(this.blogpostspage.LogoButton);\npostsPage.verifyUrl(this.blogpostspage.baseUrl_zhtw);",
              "err": {},
              "uuid": "34c1e8de-9813-4cca-ae5e-e6832a878c96",
              "parentUUID": "4a223fc5-331f-4cad-a116-d885b03f581d",
              "isHook": false,
              "skipped": false
            },
            {
              "title": "At a post use Next Page button to Next Post test in zh-tw",
              "fullTitle": "PostsPage Suite At a post use Next Page button to Next Post test in zh-tw",
              "timedOut": null,
              "duration": 458,
              "state": "passed",
              "speed": "fast",
              "pass": true,
              "fail": false,
              "pending": false,
              "context": null,
              "code": "postsPage.navigate('/zh-tw/posts');\npostsPage.clickButton(this.blogpostspage.firstPost);\npostsPage.verifyButtonContain(this.blogpostspage.nextPage, 'next', 'class');\npostsPage.clickButton(this.blogpostspage.nextPage);\npostsPage.verifyButtonContain(this.blogpostspage.prevPage, 'prev', 'class');\npostsPage.verifyButtonContain(this.blogpostspage.nextPage, 'next', 'class');",
              "err": {},
              "uuid": "955d4c9a-fdac-4ae5-b96e-890a87db4855",
              "parentUUID": "4a223fc5-331f-4cad-a116-d885b03f581d",
              "isHook": false,
              "skipped": false
            },
            {
              "title": "At a post use Prev Page button to Prev Post test in zh-tw",
              "fullTitle": "PostsPage Suite At a post use Prev Page button to Prev Post test in zh-tw",
              "timedOut": null,
              "duration": 559,
              "state": "passed",
              "speed": "fast",
              "pass": true,
              "fail": false,
              "pending": false,
              "context": null,
              "code": "postsPage.navigate('/zh-tw/posts');\npostsPage.clickButton(this.blogpostspage.firstPost);\npostsPage.verifyButtonContain(this.blogpostspage.nextPage, 'next', 'class');\npostsPage.clickButton(this.blogpostspage.nextPage);\npostsPage.verifyButtonContain(this.blogpostspage.prevPage, 'prev', 'class');\npostsPage.clickButton(this.blogpostspage.prevPage);\npostsPage.verifyNotExists(this.blogpostspage.prevPage);\npostsPage.verifyButtonContain(this.blogpostspage.nextPage, 'next', 'class');",
              "err": {},
              "uuid": "572773bf-e9f0-47a6-94f9-adefdc04ef85",
              "parentUUID": "4a223fc5-331f-4cad-a116-d885b03f581d",
              "isHook": false,
              "skipped": false
            },
            {
              "title": "Pressed first post and back to Posts test in zh-tw",
              "fullTitle": "PostsPage Suite Pressed first post and back to Posts test in zh-tw",
              "timedOut": null,
              "duration": 361,
              "state": "passed",
              "speed": "fast",
              "pass": true,
              "fail": false,
              "pending": false,
              "context": null,
              "code": "postsPage.navigate('/zh-tw/posts');\ncy.get(this.blogpostspage.firstPost).invoke('attr', 'href').then(href => {\n    let getFirstPosthref = href;\n    postsPage.clickButton(this.blogpostspage.firstPost);\n    cy.url().should('include', getFirstPosthref);\n});\npostsPage.clickButton(this.blogpostspage.backPosts_zhtw);\npostsPage.verifyUrl(this.blogpostspage.baseUrl + '/zh-tw/posts/');",
              "err": {},
              "uuid": "9b1c90ea-14c0-4bdf-99d7-bed259d8eca9",
              "parentUUID": "4a223fc5-331f-4cad-a116-d885b03f581d",
              "isHook": false,
              "skipped": false
            },
            {
              "title": "Testing next and prev page button in zh-tw",
              "fullTitle": "PostsPage Suite Testing next and prev page button in zh-tw",
              "timedOut": null,
              "duration": 332,
              "state": "passed",
              "speed": "fast",
              "pass": true,
              "fail": false,
              "pending": false,
              "context": null,
              "code": "postsPage.navigate('/zh-tw/posts');\npostsPage.clickButton(this.blogpostspage.nextPage);\npostsPage.verifyUrl(this.blogpostspage.baseUrl + '/zh-tw/posts/page/2/');\npostsPage.clickButton(this.blogpostspage.prevPage);\npostsPage.verifyUrl(this.blogpostspage.baseUrl + '/zh-tw/posts/');",
              "err": {},
              "uuid": "0cb711ac-9f54-44e3-903d-97b60f136f3a",
              "parentUUID": "4a223fc5-331f-4cad-a116-d885b03f581d",
              "isHook": false,
              "skipped": false
            },
            {
              "title": "Redirect to another Subpages testing use menu button in zh-tw",
              "fullTitle": "PostsPage Suite Redirect to another Subpages testing use menu button in zh-tw",
              "timedOut": null,
              "duration": 1014,
              "state": "passed",
              "speed": "fast",
              "pass": true,
              "fail": false,
              "pending": false,
              "context": null,
              "code": "let indexCount = 0;\ncy.wrap(this.blogpostspage.postsPagesList_en).each((index) => {\n    postsPage.navigate('/zh-tw/posts');\n    let pageName = 'this.blogpostspage.' + index;\n    postsPage.clickButton(eval(pageName));\n    if (index.toString() === 'Categories') {\n        let containValue = 'Categories';\n        cy.log(containValue);\n        postsPage.verifySelectorContain('h1', containValue);\n        cy.url().should('includes', this.blogpostspage.baseUrl_zhtw + containValue.toLocaleLowerCase());\n        indexCount += 1;\n    }\n    else {\n        cy.log(this.blogpostspage.postsPagesList_zhtw[indexCount]);\n        postsPage.verifySelectorContain('h1', this.blogpostspage.postsPagesList_zhtw[indexCount].toString());\n        cy.url().should('includes', this.blogpostspage.baseUrl_zhtw + this.blogpostspage.postsPagesList_en[indexCount].toString().toLocaleLowerCase());\n        indexCount += 1;\n    }\n});",
              "err": {},
              "uuid": "0c0c9776-6af0-4a9e-b369-52cf98961364",
              "parentUUID": "4a223fc5-331f-4cad-a116-d885b03f581d",
              "isHook": false,
              "skipped": false
            },
            {
              "title": "Use post translations button test in zh-tw",
              "fullTitle": "PostsPage Suite Use post translations button test in zh-tw",
              "timedOut": null,
              "duration": 444,
              "state": "passed",
              "speed": "fast",
              "pass": true,
              "fail": false,
              "pending": false,
              "context": null,
              "code": "postsPage.navigate('/zh-tw/2022/02/markdown-%E7%AD%86%E8%A8%98-%E5%9F%BA%E6%9C%AC%E8%AA%9E%E6%B3%95%E4%BD%BF%E7%94%A8/');\npostsPage.verifyButtonContain(this.blogpostspage.translationsButton, '/2022/02/markdown-');\npostsPage.clickButton(this.blogpostspage.translationsButton);\npostsPage.verifyUrl(this.blogpostspage.baseUrl);",
              "err": {},
              "uuid": "2f819957-220c-4115-8a81-b266b3f13392",
              "parentUUID": "4a223fc5-331f-4cad-a116-d885b03f581d",
              "isHook": false,
              "skipped": false
            },
            {
              "title": "Use Language button test in zh-tw",
              "fullTitle": "PostsPage Suite Use Language button test in zh-tw",
              "timedOut": null,
              "duration": 238,
              "state": "passed",
              "speed": "fast",
              "pass": true,
              "fail": false,
              "pending": false,
              "context": null,
              "code": "postsPage.navigate('/zh-tw/posts');\npostsPage.verifyButtonContain(this.blogpostspage.Language, '/');\npostsPage.clickButton(this.blogpostspage.Language);\npostsPage.verifyUrl(this.blogpostspage.baseUrl);",
              "err": {},
              "uuid": "f60eaa89-5fda-4854-9dc6-758765fa1a5f",
              "parentUUID": "4a223fc5-331f-4cad-a116-d885b03f581d",
              "isHook": false,
              "skipped": false
            }
          ],
          "suites": [],
          "passes": [
            "4ffa1898-7f65-4cdc-9e33-4512064ded42",
            "17aa7fbf-4221-4ebb-938a-624799c3278c",
            "bc69a769-5c3c-402f-af41-83976cd431c6",
            "e0dfb505-593f-47c1-925d-d866e9a9f4ec",
            "d1a1d2c7-3513-4517-8f8f-ea660f824819",
            "9b39653c-58b5-4bca-9228-95d7b7eeb867",
            "29f8e665-3600-4b6c-bec1-1e8a18534a8c",
            "53e0e89e-fb73-44f8-91e7-5976a04448f7",
            "5caeb628-791e-4c16-a96e-2862c8519d2c",
            "8736f3da-7560-4ec5-a997-c5e02281ac63",
            "de0099eb-d8fd-43da-b874-be5eb04e216a",
            "30b620ce-9e17-4cab-b90f-8cf507cfc2fb",
            "aae34633-8e86-40f5-8257-bce6a9c7963c",
            "a79417d9-5f3c-4f6a-a272-a074a21b3095",
            "34c1e8de-9813-4cca-ae5e-e6832a878c96",
            "955d4c9a-fdac-4ae5-b96e-890a87db4855",
            "572773bf-e9f0-47a6-94f9-adefdc04ef85",
            "9b1c90ea-14c0-4bdf-99d7-bed259d8eca9",
            "0cb711ac-9f54-44e3-903d-97b60f136f3a",
            "0c0c9776-6af0-4a9e-b369-52cf98961364",
            "2f819957-220c-4115-8a81-b266b3f13392",
            "f60eaa89-5fda-4854-9dc6-758765fa1a5f"
          ],
          "failures": [],
          "pending": [],
          "skipped": [],
          "duration": 10254,
          "root": false,
          "rootEmpty": false,
          "_timeout": 2000
        }
      ],
      "passes": [],
      "failures": [],
      "pending": [],
      "skipped": [],
      "duration": 0,
      "root": true,
      "rootEmpty": true,
      "_timeout": 2000
    }
  ],
  "meta": {
    "mocha": {
      "version": "7.0.1"
    },
    "mochawesome": {
      "options": {
        "quiet": false,
        "reportFilename": "mochawesome",
        "saveHtml": false,
        "saveJson": true,
        "consoleReporter": "spec",
        "useInlineDiffs": false,
        "code": true
      },
      "version": "7.1.2"
    },
    "marge": {
      "options": {
        "charts": true,
        "overwrite": false,
        "html": false,
        "json": true,
        "reportDir": "cypress/reports"
      },
      "version": "6.1.1"
    }
  }
}