{
  "stats": {
    "suites": 1,
    "tests": 9,
    "passes": 9,
    "pending": 0,
    "failures": 0,
    "start": "2022-03-24T21:14:49.505Z",
    "end": "2022-03-24T21:14:55.872Z",
    "duration": 6367,
    "testsRegistered": 9,
    "passPercent": 100,
    "pendingPercent": 0,
    "other": 0,
    "hasOther": false,
    "skipped": 0,
    "hasSkipped": false
  },
  "results": [
    {
      "uuid": "a1c333c5-e8cc-43e1-b900-5b17e9a3b61d",
      "title": "",
      "fullFile": "cypress/integration/homepage.ts",
      "file": "cypress/integration/homepage.ts",
      "beforeHooks": [],
      "afterHooks": [],
      "tests": [],
      "suites": [
        {
          "uuid": "27f33857-e5a3-4f88-a365-1510c92c20a0",
          "title": "HomePage Suite",
          "fullFile": "",
          "file": "",
          "beforeHooks": [],
          "afterHooks": [],
          "tests": [
            {
              "title": "Homepage test in en",
              "fullTitle": "HomePage Suite Homepage test in en",
              "timedOut": null,
              "duration": 387,
              "state": "passed",
              "speed": "fast",
              "pass": true,
              "fail": false,
              "pending": false,
              "context": null,
              "code": "homePage.navigate('/');\nhomePage.verifySelectorContain(this.bloghomepage.Language, '中文');\nhomePage.verifyButtonContain(this.bloghomepage.Language, 'zh-tw');\ncy.wrap(this.bloghomepage.pagesList_en).each((index) => {\n    let selectorName = 'this.bloghomepage.' + index;\n    homePage.verifySelectorContain(eval(selectorName), index.toString());\n    homePage.verifyButtonContain(eval(selectorName), index.toString().toLocaleLowerCase());\n});\ncy.wrap(this.bloghomepage.pageButtons).each((index) => {\n    let buttonName = 'this.bloghomepage.Button' + index;\n    let link = 'this.bloghomepage.Link' + index;\n    homePage.verifyButtonContain(eval(buttonName), eval(link));\n});",
              "err": {},
              "uuid": "1027dc0e-40b1-490c-b12a-fd62e5c19873",
              "parentUUID": "27f33857-e5a3-4f88-a365-1510c92c20a0",
              "isHook": false,
              "skipped": false
            },
            {
              "title": "Homepage test in zh-tw",
              "fullTitle": "HomePage Suite Homepage test in zh-tw",
              "timedOut": null,
              "duration": 259,
              "state": "passed",
              "speed": "fast",
              "pass": true,
              "fail": false,
              "pending": false,
              "context": null,
              "code": "homePage.navigate(this.bloghomepage.baseUrl_zhtw);\nlet indexCount = 0;\nhomePage.verifySelectorContain(this.bloghomepage.Language, 'English');\nhomePage.verifyButtonContain(this.bloghomepage.Language, 'localhost');\ncy.wrap(this.bloghomepage.pagesList_en).each((index) => {\n    let selectorName = 'this.bloghomepage.' + index;\n    homePage.verifySelectorContain(eval(selectorName), this.bloghomepage.pagesList_zhtw[indexCount]);\n    homePage.verifyButtonContain(eval(selectorName), index.toString().toLocaleLowerCase());\n    indexCount += 1;\n});\ncy.wrap(this.bloghomepage.pageButtons).each((index) => {\n    let buttonName = 'this.bloghomepage.Button' + index;\n    let link = 'this.bloghomepage.Link' + index;\n    homePage.verifyButtonContain(eval(buttonName), eval(link));\n});",
              "err": {},
              "uuid": "7dd9feb4-5bc6-413b-b38c-623511fea3f9",
              "parentUUID": "27f33857-e5a3-4f88-a365-1510c92c20a0",
              "isHook": false,
              "skipped": false
            },
            {
              "title": "Language change test en to zhtw",
              "fullTitle": "HomePage Suite Language change test en to zhtw",
              "timedOut": null,
              "duration": 332,
              "state": "passed",
              "speed": "fast",
              "pass": true,
              "fail": false,
              "pending": false,
              "context": null,
              "code": "homePage.navigate('/');\nhomePage.clickButton(this.bloghomepage.Language);\nhomePage.verifySelectorContain(this.bloghomepage.Language, 'English');",
              "err": {},
              "uuid": "b6805345-0600-4d6f-ba79-fdf8895ed31e",
              "parentUUID": "27f33857-e5a3-4f88-a365-1510c92c20a0",
              "isHook": false,
              "skipped": false
            },
            {
              "title": "Language change test zhtw to en",
              "fullTitle": "HomePage Suite Language change test zhtw to en",
              "timedOut": null,
              "duration": 234,
              "state": "passed",
              "speed": "fast",
              "pass": true,
              "fail": false,
              "pending": false,
              "context": null,
              "code": "homePage.navigate(this.bloghomepage.baseUrl_zhtw);\nhomePage.clickButton(this.bloghomepage.Language);\nhomePage.verifySelectorContain(this.bloghomepage.Language, '中文');",
              "err": {},
              "uuid": "e738c061-9698-4f4d-997f-e67b0359d30c",
              "parentUUID": "27f33857-e5a3-4f88-a365-1510c92c20a0",
              "isHook": false,
              "skipped": false
            },
            {
              "title": "Homepage redirect to Subpages testing use menu button in en",
              "fullTitle": "HomePage Suite Homepage redirect to Subpages testing use menu button in en",
              "timedOut": null,
              "duration": 1347,
              "state": "passed",
              "speed": "fast",
              "pass": true,
              "fail": false,
              "pending": false,
              "context": null,
              "code": "cy.wrap(this.bloghomepage.pagesList_en).each((index) => {\n    homePage.navigate('/');\n    let pageName = 'this.bloghomepage.' + index;\n    homePage.clickButton(eval(pageName));\n    homePage.verifySelectorContain('h1', index.toString());\n    cy.url().should('includes', index.toString().toLocaleLowerCase());\n});",
              "err": {},
              "uuid": "a82f5a9a-3edd-4c78-80e5-60c45bf0b695",
              "parentUUID": "27f33857-e5a3-4f88-a365-1510c92c20a0",
              "isHook": false,
              "skipped": false
            },
            {
              "title": "Homepage redirect to Subpages testing use menu button in zh-tw",
              "fullTitle": "HomePage Suite Homepage redirect to Subpages testing use menu button in zh-tw",
              "timedOut": null,
              "duration": 1372,
              "state": "passed",
              "speed": "fast",
              "pass": true,
              "fail": false,
              "pending": false,
              "context": null,
              "code": "let indexCount = 0;\ncy.wrap(this.bloghomepage.pagesList_en).each((index) => {\n    homePage.navigate(this.bloghomepage.baseUrl_zhtw);\n    let pageName = 'this.bloghomepage.' + index;\n    homePage.clickButton(eval(pageName));\n    if (index.toString() === 'Categories') {\n        let containValue = 'Categories';\n        cy.log(containValue);\n        homePage.verifySelectorContain('h1', containValue);\n        cy.url().should('includes', this.bloghomepage.baseUrl_zhtw + containValue.toLocaleLowerCase());\n        indexCount += 1;\n    }\n    else {\n        cy.log(this.bloghomepage.pagesList_zhtw[indexCount]);\n        homePage.verifySelectorContain('h1', this.bloghomepage.pagesList_zhtw[indexCount].toString());\n        cy.url().should('includes', this.bloghomepage.baseUrl_zhtw + this.bloghomepage.pagesList_en[indexCount].toString().toLocaleLowerCase());\n        indexCount += 1;\n    }\n});",
              "err": {},
              "uuid": "f6dc8847-e217-4697-8480-6a494774127e",
              "parentUUID": "27f33857-e5a3-4f88-a365-1510c92c20a0",
              "isHook": false,
              "skipped": false
            },
            {
              "title": "Subpages redirect to Homepage testing use Logo button in en",
              "fullTitle": "HomePage Suite Subpages redirect to Homepage testing use Logo button in en",
              "timedOut": null,
              "duration": 1081,
              "state": "passed",
              "speed": "fast",
              "pass": true,
              "fail": false,
              "pending": false,
              "context": null,
              "code": "cy.wrap(this.bloghomepage.pagesList_en).each((index) => {\n    homePage.navigate(this.bloghomepage.baseUrl_en + index.toString().toLocaleLowerCase() + '/');\n    homePage.clickButton(this.bloghomepage.LogoButton);\n    homePage.verifySelectorContain('h1', 'Andrew Wu');\n    cy.url().should('includes', this.bloghomepage.baseUrl_en);\n});",
              "err": {},
              "uuid": "c6e23691-2bee-4f24-b415-b1f6f78b4d97",
              "parentUUID": "27f33857-e5a3-4f88-a365-1510c92c20a0",
              "isHook": false,
              "skipped": false
            },
            {
              "title": "Subpages redirect to Homepage testing use Logo button in zh-tw",
              "fullTitle": "HomePage Suite Subpages redirect to Homepage testing use Logo button in zh-tw",
              "timedOut": null,
              "duration": 1114,
              "state": "passed",
              "speed": "fast",
              "pass": true,
              "fail": false,
              "pending": false,
              "context": null,
              "code": "cy.wrap(this.bloghomepage.pagesList_en).each((index) => {\n    homePage.navigate(this.bloghomepage.baseUrl_zhtw + index.toString().toLocaleLowerCase() + '/');\n    homePage.clickButton(this.bloghomepage.LogoButton);\n    homePage.verifySelectorContain('h1', 'Andrew Wu');\n    cy.url().should('includes', this.bloghomepage.baseUrl_zhtw);\n});",
              "err": {},
              "uuid": "da62ec2c-b379-444f-a859-110de4bfbe44",
              "parentUUID": "27f33857-e5a3-4f88-a365-1510c92c20a0",
              "isHook": false,
              "skipped": false
            },
            {
              "title": "RSS feed testing in en and zh-tw",
              "fullTitle": "HomePage Suite RSS feed testing in en and zh-tw",
              "timedOut": null,
              "duration": 88,
              "state": "passed",
              "speed": "fast",
              "pass": true,
              "fail": false,
              "pending": false,
              "context": null,
              "code": "cy.wrap(this.bloghomepage.bothUrl).each((index) => {\n    cy.request(index.toString())\n        .should((response) => {\n        expect(response.status).to.eq(200);\n        expect(response.body).have.contains(this.bloghomepage.baseUrl + index);\n    });\n});",
              "err": {},
              "uuid": "dd53e041-66a8-47ef-956c-a5ed19a71e33",
              "parentUUID": "27f33857-e5a3-4f88-a365-1510c92c20a0",
              "isHook": false,
              "skipped": false
            }
          ],
          "suites": [],
          "passes": [
            "1027dc0e-40b1-490c-b12a-fd62e5c19873",
            "7dd9feb4-5bc6-413b-b38c-623511fea3f9",
            "b6805345-0600-4d6f-ba79-fdf8895ed31e",
            "e738c061-9698-4f4d-997f-e67b0359d30c",
            "a82f5a9a-3edd-4c78-80e5-60c45bf0b695",
            "f6dc8847-e217-4697-8480-6a494774127e",
            "c6e23691-2bee-4f24-b415-b1f6f78b4d97",
            "da62ec2c-b379-444f-a859-110de4bfbe44",
            "dd53e041-66a8-47ef-956c-a5ed19a71e33"
          ],
          "failures": [],
          "pending": [],
          "skipped": [],
          "duration": 6214,
          "root": false,
          "rootEmpty": false,
          "_timeout": 2000
        }
      ],
      "passes": [],
      "failures": [],
      "pending": [],
      "skipped": [],
      "duration": 0,
      "root": true,
      "rootEmpty": true,
      "_timeout": 2000
    }
  ],
  "meta": {
    "mocha": {
      "version": "7.0.1"
    },
    "mochawesome": {
      "options": {
        "quiet": false,
        "reportFilename": "mochawesome",
        "saveHtml": false,
        "saveJson": true,
        "consoleReporter": "spec",
        "useInlineDiffs": false,
        "code": true
      },
      "version": "7.0.1"
    },
    "marge": {
      "options": {
        "charts": true,
        "overwrite": false,
        "html": false,
        "json": true,
        "reportDir": "cypress/reports"
      },
      "version": "6.1.1"
    }
  }
}